#
# A fatal error has been detected by the Java Runtime Environment:
#
#  SIGSEGV (0xb) at pc=0x00007fff37219924, pid=31165, tid=775
#
# JRE version: OpenJDK Runtime Environment (14.0.1+7) (build 14.0.1+7)
# Java VM: OpenJDK 64-Bit Server VM (14.0.1+7, mixed mode, sharing, tiered, compressed oops, g1 gc, bsd-amd64)
# Problematic frame:
# C  [HIToolbox+0x27924]  _ZNK22THIThemeTextInfoFinder10GetOptionsEv+0x8
#
# No core dump will be written. Core dumps have been disabled. To enable core dumping, try "ulimit -c unlimited" before starting Java again
#
# If you would like to submit a bug report, please visit:
#   https://bugreport.java.com/bugreport/crash.jsp
#

---------------  S U M M A R Y ------------

Command Line: -javaagent:/Users/darthshell/Library/Caches/JetBrains/IdeaIC2020.1/testAgent/intellij-coverage-agent-1.0.508.jar=/private/var/folders/kj/6m5spvm10y101r4ghkpr9wnr0000gn/T/coverageargs -Dfile.encoding=UTF-8 /Users/darthshell/Java/dse/out/artifacts/dse_jar/dse.jar

Host: MacBookPro16,1 x86_64 2600 MHz, 12 cores, 16G, Darwin 19.5.0
Time: Sun Jun 14 11:23:47 2020 MSK elapsed time: 0 seconds (0d 0h 0m 0s)

---------------  T H R E A D  ---------------

Current thread is native thread

Stack: [0x00007ffee4da4000,0x00007ffee55a4000],  sp=0x00007ffee55a0be0,  free space=8178k
Native frames: (J=compiled Java code, A=aot compiled Java code, j=interpreted, Vv=VM code, C=native code)
C  [HIToolbox+0x27924]  _ZNK22THIThemeTextInfoFinder10GetOptionsEv+0x8
C  [HIToolbox+0x2784e]  _ZN15TCoreTextEngine12VerifyLayoutEP16THIThemeTextInfoff12LayoutIntent+0x34
C  [HIToolbox+0x2775b]  _ZN15TCoreTextEngine22GetThemeTextDimensionsEdP16THIThemeTextInfoPdS2_S2_+0x2b
C  [HIToolbox+0x26247]  _ZN10DataEngine17GetTextDimensionsEPKvdP15HIThemeTextInfoPdS4_S4_+0x10f
C  [HIToolbox+0x26106]  HIThemeGetTextDimensions+0xbc
C  [HIToolbox+0x25a51]  _ZN13HIMenuBarView16MeasureMenuTitleEP8MenuDatahPfi+0x1ab
C  [HIToolbox+0x257de]  _ZN13HIMenuBarView15MeasureAppMenusEv+0xe6
C  [HIToolbox+0x25367]  _ZN13HIMenuBarView15EnsureBarLayoutEv+0x1a3
C  [HIToolbox+0x24c77]  _ZN13HIMenuBarView8DrawOnceE6CGRectS0_bbP9CGContext+0x243
C  [HIToolbox+0x2494e]  _ZN13HIMenuBarView8DrawSelfEsPK9__HIShapeP9CGContext+0x23a
C  [HIToolbox+0x243b6]  _ZN13HIMenuBarView24DrawWithoutCustomizationEsPK9__HIShapeP9CGContext+0x52
C  [HIToolbox+0x2434e]  _ZN13HIMenuBarView22DrawingDelegateHandlerEP25OpaqueEventHandlerCallRefP14OpaqueEventRefPv+0x102
C  [HIToolbox+0x88ff]  _ZL23DispatchEventToHandlersP14EventTargetRecP14OpaqueEventRefP14HandlerCallRec+0x4e6
C  [HIToolbox+0x7d8d]  _ZL30SendEventToEventTargetInternalP14OpaqueEventRefP20OpaqueEventTargetRefP14HandlerCallRec+0x149
C  [HIToolbox+0x7c3d]  SendEventToEventTargetWithOptions+0x2d
C  [HIToolbox+0x23ecd]  _ZN6HIView8SendDrawEsP13OpaqueGrafPtrPK9__HIShapeP9CGContext+0x145
C  [HIToolbox+0x23967]  _ZN6HIView23RecursiveDrawCompositedEPK9__HIShapeS2_jPS_P9CGContexthd+0x23f
C  [HIToolbox+0x23b61]  _ZN6HIView23RecursiveDrawCompositedEPK9__HIShapeS2_jPS_P9CGContexthd+0x439
C  [HIToolbox+0x23399]  _ZN6HIView14DrawCompositedEsP13OpaqueGrafPtrPK9__HIShapejPS_P9CGContext+0x32f
C  [HIToolbox+0x2305b]  _ZN6HIView6RenderEjP9CGContext+0x33
C  [HIToolbox+0x3af2b]  _ZL17FlushWindowObjectP10WindowDataPPvh+0x2ed
C  [HIToolbox+0x3a96b]  _ZL15FlushAllBuffersP19__CFRunLoopObservermPv+0x132
C  [CoreFoundation+0x833c5]  __CFRUNLOOP_IS_CALLING_OUT_TO_AN_OBSERVER_CALLBACK_FUNCTION__+0x17
C  [CoreFoundation+0x832f7]  __CFRunLoopDoObservers+0x1c9
C  [CoreFoundation+0x829bc]  __CFRunLoopRun+0x491
C  [CoreFoundation+0x81ece]  CFRunLoopRunSpecific+0x1ce
C  [libjli.dylib+0x65c1]  CreateExecutionEnvironment+0x18f
C  [libjli.dylib+0x2752]  JLI_Launch+0x54a
C  [java+0xca1]  main+0x177
C  [libdyld.dylib+0x1acc9]  start+0x1


siginfo: si_signo: 11 (SIGSEGV), si_code: 1 (SEGV_MAPERR), si_addr: 0x0000000000000012

Register to memory mapping:

RAX=0x0 is NULL
RBX=
[error occurred during error reporting (printing register info), id 0xb, SIGSEGV (0xb) at pc=0x000000010c6f57ba]

Registers:
RAX=0x0000000000000000, RBX=0x00007f81f3fdcb50, RCX=0x00007ffee55a0d08, RDX=0x0000000000000000
RSP=0x00007ffee55a0be0, RBP=0x00007ffee55a0be0, RSI=0x00007f81f8144320, RDI=0x00007f81f8144320
R8 =0x00007ffee55a0d10, R9 =0x0000000000000000, R10=0x00007f81f3f00000, R11=0x00007f81f3ff4d60
R12=0x0000000000000000, R13=0x00007ffee55a0d08, R14=0x00007f81f8144320, R15=0x00007ffee55a0d00
RIP=0x00007fff37219924, EFLAGS=0x0000000000010202, ERR=0x0000000000000004
  TRAPNO=0x000000000000000e

Top of Stack: (sp=0x00007ffee55a0be0)
0x00007ffee55a0be0:   00007ffee55a0c20 00007fff3721984e
0x00007ffee55a0bf0:   7f7fffff00000000 00007f81f8144320
0x00007ffee55a0c00:   00007ffee55a0d10 00007ffee55a0d08
0x00007ffee55a0c10:   00007f81f3fdcb50 00007ffee55a0d00
0x00007ffee55a0c20:   00007ffee55a0c60 00007fff3721975b
0x00007ffee55a0c30:   00007fff8fb478e0 00007f81f3fdcb50
0x00007ffee55a0c40:   00007ffee55a0c78 00007f81f3fdc4e0
0x00007ffee55a0c50:   00007f81f8144320 0000000000000064
0x00007ffee55a0c60:   00007ffee55a0cf0 00007fff37218247
0x00007ffee55a0c70:   0000000000000006 0000000000000000
0x00007ffee55a0c80:   00007ffe00000001 00007fff3864f84a
0x00007ffee55a0c90:   0000000000000006 0000000000000000
0x00007ffee55a0ca0:   00007f81f813beb0 47efffffe0000000
0x00007ffee55a0cb0:   00007ffee55a0d10 00007ffee55a0d08
0x00007ffee55a0cc0:   00007ffee55a0d00 0000000000000000
0x00007ffee55a0cd0:   00007f81f5a5fe70 00000001132f6798
0x00007ffee55a0ce0:   0000000000000000 00007ffee55a0d90
0x00007ffee55a0cf0:   00007ffee55a0d30 00007fff37218106
0x00007ffee55a0d00:   00007f81f813beb0 00007f81f5a43f60
0x00007ffee55a0d10:   00007f81f5a5fe70 00007f81f3fdc4e0
0x00007ffee55a0d20:   00007ffee55a0d48 0000000000000002
0x00007ffee55a0d30:   00007ffee55a0dc0 00007fff37217a51
0x00007ffee55a0d40:   0002000000000002 0000000100000000
0x00007ffee55a0d50:   0000000000000064 0002010200000000
0x00007ffee55a0d60:   0000000000010000 0000000000000000
0x00007ffee55a0d70:   0000000000000000 00007f81f3c40860
0x00007ffee55a0d80:   00000001132f6798 0000000100000000
0x00007ffee55a0d90:   0000000000000000 0000000000000002
0x00007ffee55a0da0:   00007f81f5a43f60 0000000000000000
0x00007ffee55a0db0:   0000000000000000 00007f81f3c40860
0x00007ffee55a0dc0:   00007ffee55a0e00 00007fff372177de
0x00007ffee55a0dd0:   00007ffee55a0e00 42b6000042380000 

Instructions: (pc=0x00007fff37219924)
0x00007fff37219824:   41 54 53 50 41 89 d4 f3 0f 11 4d d0 49 89 f6 48
0x00007fff37219834:   89 fb 0f 57 c9 0f 2e c1 75 02 7b 28 f3 0f 11 45
0x00007fff37219844:   d4 49 8b 06 4c 89 f7 ff 50 48 0f ba e0 13 73 0f
0x00007fff37219854:   f3 0f 10 45 d4 f3 0f 58 05 73 1a 28 00 eb 05 f3
0x00007fff37219864:   0f 10 45 d4 f3 0f 11 45 d4 0f b6 53 30 48 89 df
0x00007fff37219874:   4c 89 f6 e8 b0 00 00 00 41 89 c7 4c 8d 6b 50 4c
0x00007fff37219884:   89 ef e8 69 f1 ff ff 84 c0 74 20 48 89 df 44 89
0x00007fff37219894:   fe 4c 89 f2 f3 0f 10 45 d4 f3 0f 10 4d d0 44 89
0x00007fff372198a4:   e1 e8 6e 42 00 00 83 f8 01 75 5b 4c 89 ef e8 3d
0x00007fff372198b4:   f1 ff ff 84 c0 74 13 48 8d 7b 38 e8 62 44 05 00
0x00007fff372198c4:   4c 89 ef 31 f6 e8 7e 04 00 00 0f 57 c9 f3 0f 10
0x00007fff372198d4:   45 d4 0f 2e c1 75 0e 7a 0c 8a 43 30 84 c0 74 05
0x00007fff372198e4:   e8 1b 52 27 00 48 89 df 4c 89 f6 f3 0f 10 4d d0
0x00007fff372198f4:   44 89 fa 48 83 c4 08 5b 41 5c 41 5d 41 5e 41 5f
0x00007fff37219904:   5d e9 a8 00 00 00 31 c0 48 83 c4 08 5b 41 5c 41
0x00007fff37219914:   5d 41 5e 41 5f 5d c3 90 55 48 89 e5 48 8b 47 08
0x00007fff37219924:   8b 40 12 5d c3 90 90 90 55 48 89 e5 41 56 53 41
0x00007fff37219934:   89 d6 0f 57 c9 0f 2e c1 75 02 7b 3a 48 89 f3 48
0x00007fff37219944:   8b 06 48 89 f7 ff 50 48 a8 01 75 2a 48 8b 03 48
0x00007fff37219954:   89 df ff 50 50 85 c0 74 28 48 8b 03 48 89 df ff
0x00007fff37219964:   50 58 31 c9 83 f8 01 0f 95 c1 85 c0 b8 02 00 00
0x00007fff37219974:   00 0f 45 c1 eb 06 41 0f b6 c6 01 c0 5b 41 5e 5d
0x00007fff37219984:   c3 b8 02 00 00 00 eb f4 55 48 89 e5 48 8b 47 08
0x00007fff37219994:   8b 40 16 5d c3 90 55 48 89 e5 48 8b 47 08 8b 40
0x00007fff372199a4:   1a 5d c3 90 90 90 90 90 90 90 90 90 90 90 55 48
0x00007fff372199b4:   89 e5 41 57 41 56 41 54 53 48 83 ec 10 49 89 f6
0x00007fff372199c4:   49 89 fc 83 fa 02 f3 0f 11 45 dc 74 1e 83 fa 01
0x00007fff372199d4:   74 26 45 31 ff 85 d2 75 2d 4c 89 e7 4c 89 f6 f3
0x00007fff372199e4:   0f 10 45 dc e8 57 00 00 00 eb 18 4c 89 e7 4c 89
0x00007fff372199f4:   f6 e8 78 4f 0a 00 eb 0b 4c 89 e7 4c 89 f6 e8 db
0x00007fff37219a04:   4c 0a 00 41 89 c7 49 8d 5c 24 50 48 89 df be 01
0x00007fff37219a14:   00 00 00 e8 0a 03 00 00 48 89 df 4c 89 f6 e8 25 


Stack slot to memory mapping:
stack at sp + 0 slots: 
[error occurred during error reporting (inspecting top of stack), id 0xb, SIGSEGV (0xb) at pc=0x000000010c6f57ba]


---------------  P R O C E S S  ---------------

VM state:not at safepoint (normal execution)

VM Mutex/Monitor currently owned by a thread: None

Heap address: 0x0000000700000000, size: 4096 MB, Compressed Oops mode: Zero based, Oop shift amount: 3
Narrow klass base: 0x0000000800000000, Narrow klass shift: 3
Compressed class space size: 1073741824 Address: 0x0000000800b03000

Heap:
 garbage-first heap   total 264192K, used 21296K [0x0000000700000000, 0x0000000800000000)
  region size 1024K, 19 young (19456K), 0 survivors (0K)
 Metaspace       used 3500K, capacity 5722K, committed 6016K, reserved 1056768K
  class space    used 272K, capacity 530K, committed 640K, reserved 1048576K
Heap Regions: E=young(eden), S=young(survivor), O=old, HS=humongous(starts), HC=humongous(continues), CS=collection set, F=free, OA=open archive, CA=closed archive, TAMS=top-at-mark-start (previous, next)
|   0|0x0000000700000000, 0x0000000700100000, 0x0000000700100000|100%|HS|  |TAMS 0x0000000700000000, 0x0000000700000000| Complete 
|   1|0x0000000700100000, 0x0000000700200000, 0x0000000700200000|100%|HS|  |TAMS 0x0000000700100000, 0x0000000700100000| Complete 
|   2|0x0000000700200000, 0x0000000700200000, 0x0000000700300000|  0%| F|  |TAMS 0x0000000700200000, 0x0000000700200000| Untracked 
|   3|0x0000000700300000, 0x0000000700300000, 0x0000000700400000|  0%| F|  |TAMS 0x0000000700300000, 0x0000000700300000| Untracked 
|   4|0x0000000700400000, 0x0000000700400000, 0x0000000700500000|  0%| F|  |TAMS 0x0000000700400000, 0x0000000700400000| Untracked 
|   5|0x0000000700500000, 0x0000000700500000, 0x0000000700600000|  0%| F|  |TAMS 0x0000000700500000, 0x0000000700500000| Untracked 
|   6|0x0000000700600000, 0x0000000700600000, 0x0000000700700000|  0%| F|  |TAMS 0x0000000700600000, 0x0000000700600000| Untracked 
|   7|0x0000000700700000, 0x0000000700700000, 0x0000000700800000|  0%| F|  |TAMS 0x0000000700700000, 0x0000000700700000| Untracked 
|   8|0x0000000700800000, 0x0000000700800000, 0x0000000700900000|  0%| F|  |TAMS 0x0000000700800000, 0x0000000700800000| Untracked 
|   9|0x0000000700900000, 0x0000000700900000, 0x0000000700a00000|  0%| F|  |TAMS 0x0000000700900000, 0x0000000700900000| Untracked 
|  10|0x0000000700a00000, 0x0000000700a00000, 0x0000000700b00000|  0%| F|  |TAMS 0x0000000700a00000, 0x0000000700a00000| Untracked 
|  11|0x0000000700b00000, 0x0000000700b00000, 0x0000000700c00000|  0%| F|  |TAMS 0x0000000700b00000, 0x0000000700b00000| Untracked 
|  12|0x0000000700c00000, 0x0000000700c00000, 0x0000000700d00000|  0%| F|  |TAMS 0x0000000700c00000, 0x0000000700c00000| Untracked 
|  13|0x0000000700d00000, 0x0000000700d00000, 0x0000000700e00000|  0%| F|  |TAMS 0x0000000700d00000, 0x0000000700d00000| Untracked 
|  14|0x0000000700e00000, 0x0000000700e00000, 0x0000000700f00000|  0%| F|  |TAMS 0x0000000700e00000, 0x0000000700e00000| Untracked 
|  15|0x0000000700f00000, 0x0000000700f00000, 0x0000000701000000|  0%| F|  |TAMS 0x0000000700f00000, 0x0000000700f00000| Untracked 
|  16|0x0000000701000000, 0x0000000701000000, 0x0000000701100000|  0%| F|  |TAMS 0x0000000701000000, 0x0000000701000000| Untracked 
|  17|0x0000000701100000, 0x0000000701100000, 0x0000000701200000|  0%| F|  |TAMS 0x0000000701100000, 0x0000000701100000| Untracked 
|  18|0x0000000701200000, 0x0000000701200000, 0x0000000701300000|  0%| F|  |TAMS 0x0000000701200000, 0x0000000701200000| Untracked 
|  19|0x0000000701300000, 0x0000000701300000, 0x0000000701400000|  0%| F|  |TAMS 0x0000000701300000, 0x0000000701300000| Untracked 
|  20|0x0000000701400000, 0x0000000701400000, 0x0000000701500000|  0%| F|  |TAMS 0x0000000701400000, 0x0000000701400000| Untracked 
|  21|0x0000000701500000, 0x0000000701500000, 0x0000000701600000|  0%| F|  |TAMS 0x0000000701500000, 0x0000000701500000| Untracked 
|  22|0x0000000701600000, 0x0000000701600000, 0x0000000701700000|  0%| F|  |TAMS 0x0000000701600000, 0x0000000701600000| Untracked 
|  23|0x0000000701700000, 0x0000000701700000, 0x0000000701800000|  0%| F|  |TAMS 0x0000000701700000, 0x0000000701700000| Untracked 
|  24|0x0000000701800000, 0x0000000701800000, 0x0000000701900000|  0%| F|  |TAMS 0x0000000701800000, 0x0000000701800000| Untracked 
|  25|0x0000000701900000, 0x0000000701900000, 0x0000000701a00000|  0%| F|  |TAMS 0x0000000701900000, 0x0000000701900000| Untracked 
|  26|0x0000000701a00000, 0x0000000701a00000, 0x0000000701b00000|  0%| F|  |TAMS 0x0000000701a00000, 0x0000000701a00000| Untracked 
|  27|0x0000000701b00000, 0x0000000701b00000, 0x0000000701c00000|  0%| F|  |TAMS 0x0000000701b00000, 0x0000000701b00000| Untracked 
|  28|0x0000000701c00000, 0x0000000701c00000, 0x0000000701d00000|  0%| F|  |TAMS 0x0000000701c00000, 0x0000000701c00000| Untracked 
|  29|0x0000000701d00000, 0x0000000701d00000, 0x0000000701e00000|  0%| F|  |TAMS 0x0000000701d00000, 0x0000000701d00000| Untracked 
|  30|0x0000000701e00000, 0x0000000701e00000, 0x0000000701f00000|  0%| F|  |TAMS 0x0000000701e00000, 0x0000000701e00000| Untracked 
|  31|0x0000000701f00000, 0x0000000701f00000, 0x0000000702000000|  0%| F|  |TAMS 0x0000000701f00000, 0x0000000701f00000| Untracked 
|  32|0x0000000702000000, 0x0000000702000000, 0x0000000702100000|  0%| F|  |TAMS 0x0000000702000000, 0x0000000702000000| Untracked 
|  33|0x0000000702100000, 0x0000000702100000, 0x0000000702200000|  0%| F|  |TAMS 0x0000000702100000, 0x0000000702100000| Untracked 
|  34|0x0000000702200000, 0x0000000702200000, 0x0000000702300000|  0%| F|  |TAMS 0x0000000702200000, 0x0000000702200000| Untracked 
|  35|0x0000000702300000, 0x0000000702300000, 0x0000000702400000|  0%| F|  |TAMS 0x0000000702300000, 0x0000000702300000| Untracked 
|  36|0x0000000702400000, 0x0000000702400000, 0x0000000702500000|  0%| F|  |TAMS 0x0000000702400000, 0x0000000702400000| Untracked 
|  37|0x0000000702500000, 0x0000000702500000, 0x0000000702600000|  0%| F|  |TAMS 0x0000000702500000, 0x0000000702500000| Untracked 
|  38|0x0000000702600000, 0x0000000702600000, 0x0000000702700000|  0%| F|  |TAMS 0x0000000702600000, 0x0000000702600000| Untracked 
|  39|0x0000000702700000, 0x0000000702700000, 0x0000000702800000|  0%| F|  |TAMS 0x0000000702700000, 0x0000000702700000| Untracked 
|  40|0x0000000702800000, 0x0000000702800000, 0x0000000702900000|  0%| F|  |TAMS 0x0000000702800000, 0x0000000702800000| Untracked 
|  41|0x0000000702900000, 0x0000000702900000, 0x0000000702a00000|  0%| F|  |TAMS 0x0000000702900000, 0x0000000702900000| Untracked 
|  42|0x0000000702a00000, 0x0000000702a00000, 0x0000000702b00000|  0%| F|  |TAMS 0x0000000702a00000, 0x0000000702a00000| Untracked 
|  43|0x0000000702b00000, 0x0000000702b00000, 0x0000000702c00000|  0%| F|  |TAMS 0x0000000702b00000, 0x0000000702b00000| Untracked 
|  44|0x0000000702c00000, 0x0000000702c00000, 0x0000000702d00000|  0%| F|  |TAMS 0x0000000702c00000, 0x0000000702c00000| Untracked 
|  45|0x0000000702d00000, 0x0000000702d00000, 0x0000000702e00000|  0%| F|  |TAMS 0x0000000702d00000, 0x0000000702d00000| Untracked 
|  46|0x0000000702e00000, 0x0000000702e00000, 0x0000000702f00000|  0%| F|  |TAMS 0x0000000702e00000, 0x0000000702e00000| Untracked 
|  47|0x0000000702f00000, 0x0000000702f00000, 0x0000000703000000|  0%| F|  |TAMS 0x0000000702f00000, 0x0000000702f00000| Untracked 
|  48|0x0000000703000000, 0x0000000703000000, 0x0000000703100000|  0%| F|  |TAMS 0x0000000703000000, 0x0000000703000000| Untracked 
|  49|0x0000000703100000, 0x0000000703100000, 0x0000000703200000|  0%| F|  |TAMS 0x0000000703100000, 0x0000000703100000| Untracked 
|  50|0x0000000703200000, 0x0000000703200000, 0x0000000703300000|  0%| F|  |TAMS 0x0000000703200000, 0x0000000703200000| Untracked 
|  51|0x0000000703300000, 0x0000000703300000, 0x0000000703400000|  0%| F|  |TAMS 0x0000000703300000, 0x0000000703300000| Untracked 
|  52|0x0000000703400000, 0x0000000703400000, 0x0000000703500000|  0%| F|  |TAMS 0x0000000703400000, 0x0000000703400000| Untracked 
|  53|0x0000000703500000, 0x0000000703500000, 0x0000000703600000|  0%| F|  |TAMS 0x0000000703500000, 0x0000000703500000| Untracked 
|  54|0x0000000703600000, 0x0000000703600000, 0x0000000703700000|  0%| F|  |TAMS 0x0000000703600000, 0x0000000703600000| Untracked 
|  55|0x0000000703700000, 0x0000000703700000, 0x0000000703800000|  0%| F|  |TAMS 0x0000000703700000, 0x0000000703700000| Untracked 
|  56|0x0000000703800000, 0x0000000703800000, 0x0000000703900000|  0%| F|  |TAMS 0x0000000703800000, 0x0000000703800000| Untracked 
|  57|0x0000000703900000, 0x0000000703900000, 0x0000000703a00000|  0%| F|  |TAMS 0x0000000703900000, 0x0000000703900000| Untracked 
|  58|0x0000000703a00000, 0x0000000703a00000, 0x0000000703b00000|  0%| F|  |TAMS 0x0000000703a00000, 0x0000000703a00000| Untracked 
|  59|0x0000000703b00000, 0x0000000703b00000, 0x0000000703c00000|  0%| F|  |TAMS 0x0000000703b00000, 0x0000000703b00000| Untracked 
|  60|0x0000000703c00000, 0x0000000703c00000, 0x0000000703d00000|  0%| F|  |TAMS 0x0000000703c00000, 0x0000000703c00000| Untracked 
|  61|0x0000000703d00000, 0x0000000703d00000, 0x0000000703e00000|  0%| F|  |TAMS 0x0000000703d00000, 0x0000000703d00000| Untracked 
|  62|0x0000000703e00000, 0x0000000703e00000, 0x0000000703f00000|  0%| F|  |TAMS 0x0000000703e00000, 0x0000000703e00000| Untracked 
|  63|0x0000000703f00000, 0x0000000703f00000, 0x0000000704000000|  0%| F|  |TAMS 0x0000000703f00000, 0x0000000703f00000| Untracked 
|  64|0x0000000704000000, 0x0000000704000000, 0x0000000704100000|  0%| F|  |TAMS 0x0000000704000000, 0x0000000704000000| Untracked 
|  65|0x0000000704100000, 0x0000000704100000, 0x0000000704200000|  0%| F|  |TAMS 0x0000000704100000, 0x0000000704100000| Untracked 
|  66|0x0000000704200000, 0x0000000704200000, 0x0000000704300000|  0%| F|  |TAMS 0x0000000704200000, 0x0000000704200000| Untracked 
|  67|0x0000000704300000, 0x0000000704300000, 0x0000000704400000|  0%| F|  |TAMS 0x0000000704300000, 0x0000000704300000| Untracked 
|  68|0x0000000704400000, 0x0000000704400000, 0x0000000704500000|  0%| F|  |TAMS 0x0000000704400000, 0x0000000704400000| Untracked 
|  69|0x0000000704500000, 0x0000000704500000, 0x0000000704600000|  0%| F|  |TAMS 0x0000000704500000, 0x0000000704500000| Untracked 
|  70|0x0000000704600000, 0x0000000704600000, 0x0000000704700000|  0%| F|  |TAMS 0x0000000704600000, 0x0000000704600000| Untracked 
|  71|0x0000000704700000, 0x0000000704700000, 0x0000000704800000|  0%| F|  |TAMS 0x0000000704700000, 0x0000000704700000| Untracked 
|  72|0x0000000704800000, 0x0000000704800000, 0x0000000704900000|  0%| F|  |TAMS 0x0000000704800000, 0x0000000704800000| Untracked 
|  73|0x0000000704900000, 0x0000000704900000, 0x0000000704a00000|  0%| F|  |TAMS 0x0000000704900000, 0x0000000704900000| Untracked 
|  74|0x0000000704a00000, 0x0000000704a00000, 0x0000000704b00000|  0%| F|  |TAMS 0x0000000704a00000, 0x0000000704a00000| Untracked 
|  75|0x0000000704b00000, 0x0000000704b00000, 0x0000000704c00000|  0%| F|  |TAMS 0x0000000704b00000, 0x0000000704b00000| Untracked 
|  76|0x0000000704c00000, 0x0000000704c00000, 0x0000000704d00000|  0%| F|  |TAMS 0x0000000704c00000, 0x0000000704c00000| Untracked 
|  77|0x0000000704d00000, 0x0000000704d00000, 0x0000000704e00000|  0%| F|  |TAMS 0x0000000704d00000, 0x0000000704d00000| Untracked 
|  78|0x0000000704e00000, 0x0000000704e00000, 0x0000000704f00000|  0%| F|  |TAMS 0x0000000704e00000, 0x0000000704e00000| Untracked 
|  79|0x0000000704f00000, 0x0000000704f00000, 0x0000000705000000|  0%| F|  |TAMS 0x0000000704f00000, 0x0000000704f00000| Untracked 
|  80|0x0000000705000000, 0x0000000705000000, 0x0000000705100000|  0%| F|  |TAMS 0x0000000705000000, 0x0000000705000000| Untracked 
|  81|0x0000000705100000, 0x0000000705100000, 0x0000000705200000|  0%| F|  |TAMS 0x0000000705100000, 0x0000000705100000| Untracked 
|  82|0x0000000705200000, 0x0000000705200000, 0x0000000705300000|  0%| F|  |TAMS 0x0000000705200000, 0x0000000705200000| Untracked 
|  83|0x0000000705300000, 0x0000000705300000, 0x0000000705400000|  0%| F|  |TAMS 0x0000000705300000, 0x0000000705300000| Untracked 
|  84|0x0000000705400000, 0x0000000705400000, 0x0000000705500000|  0%| F|  |TAMS 0x0000000705400000, 0x0000000705400000| Untracked 
|  85|0x0000000705500000, 0x0000000705500000, 0x0000000705600000|  0%| F|  |TAMS 0x0000000705500000, 0x0000000705500000| Untracked 
|  86|0x0000000705600000, 0x0000000705600000, 0x0000000705700000|  0%| F|  |TAMS 0x0000000705600000, 0x0000000705600000| Untracked 
|  87|0x0000000705700000, 0x0000000705700000, 0x0000000705800000|  0%| F|  |TAMS 0x0000000705700000, 0x0000000705700000| Untracked 
|  88|0x0000000705800000, 0x0000000705800000, 0x0000000705900000|  0%| F|  |TAMS 0x0000000705800000, 0x0000000705800000| Untracked 
|  89|0x0000000705900000, 0x0000000705900000, 0x0000000705a00000|  0%| F|  |TAMS 0x0000000705900000, 0x0000000705900000| Untracked 
|  90|0x0000000705a00000, 0x0000000705a00000, 0x0000000705b00000|  0%| F|  |TAMS 0x0000000705a00000, 0x0000000705a00000| Untracked 
|  91|0x0000000705b00000, 0x0000000705b00000, 0x0000000705c00000|  0%| F|  |TAMS 0x0000000705b00000, 0x0000000705b00000| Untracked 
|  92|0x0000000705c00000, 0x0000000705c00000, 0x0000000705d00000|  0%| F|  |TAMS 0x0000000705c00000, 0x0000000705c00000| Untracked 
|  93|0x0000000705d00000, 0x0000000705d00000, 0x0000000705e00000|  0%| F|  |TAMS 0x0000000705d00000, 0x0000000705d00000| Untracked 
|  94|0x0000000705e00000, 0x0000000705e00000, 0x0000000705f00000|  0%| F|  |TAMS 0x0000000705e00000, 0x0000000705e00000| Untracked 
|  95|0x0000000705f00000, 0x0000000705f00000, 0x0000000706000000|  0%| F|  |TAMS 0x0000000705f00000, 0x0000000705f00000| Untracked 
|  96|0x0000000706000000, 0x0000000706000000, 0x0000000706100000|  0%| F|  |TAMS 0x0000000706000000, 0x0000000706000000| Untracked 
|  97|0x0000000706100000, 0x0000000706100000, 0x0000000706200000|  0%| F|  |TAMS 0x0000000706100000, 0x0000000706100000| Untracked 
|  98|0x0000000706200000, 0x0000000706200000, 0x0000000706300000|  0%| F|  |TAMS 0x0000000706200000, 0x0000000706200000| Untracked 
|  99|0x0000000706300000, 0x0000000706300000, 0x0000000706400000|  0%| F|  |TAMS 0x0000000706300000, 0x0000000706300000| Untracked 
| 100|0x0000000706400000, 0x0000000706400000, 0x0000000706500000|  0%| F|  |TAMS 0x0000000706400000, 0x0000000706400000| Untracked 
| 101|0x0000000706500000, 0x0000000706500000, 0x0000000706600000|  0%| F|  |TAMS 0x0000000706500000, 0x0000000706500000| Untracked 
| 102|0x0000000706600000, 0x0000000706600000, 0x0000000706700000|  0%| F|  |TAMS 0x0000000706600000, 0x0000000706600000| Untracked 
| 103|0x0000000706700000, 0x0000000706700000, 0x0000000706800000|  0%| F|  |TAMS 0x0000000706700000, 0x0000000706700000| Untracked 
| 104|0x0000000706800000, 0x0000000706800000, 0x0000000706900000|  0%| F|  |TAMS 0x0000000706800000, 0x0000000706800000| Untracked 
| 105|0x0000000706900000, 0x0000000706900000, 0x0000000706a00000|  0%| F|  |TAMS 0x0000000706900000, 0x0000000706900000| Untracked 
| 106|0x0000000706a00000, 0x0000000706a00000, 0x0000000706b00000|  0%| F|  |TAMS 0x0000000706a00000, 0x0000000706a00000| Untracked 
| 107|0x0000000706b00000, 0x0000000706b00000, 0x0000000706c00000|  0%| F|  |TAMS 0x0000000706b00000, 0x0000000706b00000| Untracked 
| 108|0x0000000706c00000, 0x0000000706c00000, 0x0000000706d00000|  0%| F|  |TAMS 0x0000000706c00000, 0x0000000706c00000| Untracked 
| 109|0x0000000706d00000, 0x0000000706d00000, 0x0000000706e00000|  0%| F|  |TAMS 0x0000000706d00000, 0x0000000706d00000| Untracked 
| 110|0x0000000706e00000, 0x0000000706e00000, 0x0000000706f00000|  0%| F|  |TAMS 0x0000000706e00000, 0x0000000706e00000| Untracked 
| 111|0x0000000706f00000, 0x0000000706f00000, 0x0000000707000000|  0%| F|  |TAMS 0x0000000706f00000, 0x0000000706f00000| Untracked 
| 112|0x0000000707000000, 0x0000000707000000, 0x0000000707100000|  0%| F|  |TAMS 0x0000000707000000, 0x0000000707000000| Untracked 
| 113|0x0000000707100000, 0x0000000707100000, 0x0000000707200000|  0%| F|  |TAMS 0x0000000707100000, 0x0000000707100000| Untracked 
| 114|0x0000000707200000, 0x0000000707200000, 0x0000000707300000|  0%| F|  |TAMS 0x0000000707200000, 0x0000000707200000| Untracked 
| 115|0x0000000707300000, 0x0000000707300000, 0x0000000707400000|  0%| F|  |TAMS 0x0000000707300000, 0x0000000707300000| Untracked 
| 116|0x0000000707400000, 0x0000000707400000, 0x0000000707500000|  0%| F|  |TAMS 0x0000000707400000, 0x0000000707400000| Untracked 
| 117|0x0000000707500000, 0x0000000707500000, 0x0000000707600000|  0%| F|  |TAMS 0x0000000707500000, 0x0000000707500000| Untracked 
| 118|0x0000000707600000, 0x0000000707600000, 0x0000000707700000|  0%| F|  |TAMS 0x0000000707600000, 0x0000000707600000| Untracked 
| 119|0x0000000707700000, 0x0000000707700000, 0x0000000707800000|  0%| F|  |TAMS 0x0000000707700000, 0x0000000707700000| Untracked 
| 120|0x0000000707800000, 0x0000000707800000, 0x0000000707900000|  0%| F|  |TAMS 0x0000000707800000, 0x0000000707800000| Untracked 
| 121|0x0000000707900000, 0x0000000707900000, 0x0000000707a00000|  0%| F|  |TAMS 0x0000000707900000, 0x0000000707900000| Untracked 
| 122|0x0000000707a00000, 0x0000000707a00000, 0x0000000707b00000|  0%| F|  |TAMS 0x0000000707a00000, 0x0000000707a00000| Untracked 
| 123|0x0000000707b00000, 0x0000000707b00000, 0x0000000707c00000|  0%| F|  |TAMS 0x0000000707b00000, 0x0000000707b00000| Untracked 
| 124|0x0000000707c00000, 0x0000000707c00000, 0x0000000707d00000|  0%| F|  |TAMS 0x0000000707c00000, 0x0000000707c00000| Untracked 
| 125|0x0000000707d00000, 0x0000000707d00000, 0x0000000707e00000|  0%| F|  |TAMS 0x0000000707d00000, 0x0000000707d00000| Untracked 
| 126|0x0000000707e00000, 0x0000000707e00000, 0x0000000707f00000|  0%| F|  |TAMS 0x0000000707e00000, 0x0000000707e00000| Untracked 
| 127|0x0000000707f00000, 0x0000000707f00000, 0x0000000708000000|  0%| F|  |TAMS 0x0000000707f00000, 0x0000000707f00000| Untracked 
| 128|0x0000000708000000, 0x0000000708000000, 0x0000000708100000|  0%| F|  |TAMS 0x0000000708000000, 0x0000000708000000| Untracked 
| 129|0x0000000708100000, 0x0000000708100000, 0x0000000708200000|  0%| F|  |TAMS 0x0000000708100000, 0x0000000708100000| Untracked 
| 130|0x0000000708200000, 0x0000000708200000, 0x0000000708300000|  0%| F|  |TAMS 0x0000000708200000, 0x0000000708200000| Untracked 
| 131|0x0000000708300000, 0x0000000708300000, 0x0000000708400000|  0%| F|  |TAMS 0x0000000708300000, 0x0000000708300000| Untracked 
| 132|0x0000000708400000, 0x0000000708400000, 0x0000000708500000|  0%| F|  |TAMS 0x0000000708400000, 0x0000000708400000| Untracked 
| 133|0x0000000708500000, 0x0000000708500000, 0x0000000708600000|  0%| F|  |TAMS 0x0000000708500000, 0x0000000708500000| Untracked 
| 134|0x0000000708600000, 0x0000000708600000, 0x0000000708700000|  0%| F|  |TAMS 0x0000000708600000, 0x0000000708600000| Untracked 
| 135|0x0000000708700000, 0x0000000708700000, 0x0000000708800000|  0%| F|  |TAMS 0x0000000708700000, 0x0000000708700000| Untracked 
| 136|0x0000000708800000, 0x0000000708800000, 0x0000000708900000|  0%| F|  |TAMS 0x0000000708800000, 0x0000000708800000| Untracked 
| 137|0x0000000708900000, 0x0000000708900000, 0x0000000708a00000|  0%| F|  |TAMS 0x0000000708900000, 0x0000000708900000| Untracked 
| 138|0x0000000708a00000, 0x0000000708a00000, 0x0000000708b00000|  0%| F|  |TAMS 0x0000000708a00000, 0x0000000708a00000| Untracked 
| 139|0x0000000708b00000, 0x0000000708b00000, 0x0000000708c00000|  0%| F|  |TAMS 0x0000000708b00000, 0x0000000708b00000| Untracked 
| 140|0x0000000708c00000, 0x0000000708c00000, 0x0000000708d00000|  0%| F|  |TAMS 0x0000000708c00000, 0x0000000708c00000| Untracked 
| 141|0x0000000708d00000, 0x0000000708d00000, 0x0000000708e00000|  0%| F|  |TAMS 0x0000000708d00000, 0x0000000708d00000| Untracked 
| 142|0x0000000708e00000, 0x0000000708e00000, 0x0000000708f00000|  0%| F|  |TAMS 0x0000000708e00000, 0x0000000708e00000| Untracked 
| 143|0x0000000708f00000, 0x0000000708f00000, 0x0000000709000000|  0%| F|  |TAMS 0x0000000708f00000, 0x0000000708f00000| Untracked 
| 144|0x0000000709000000, 0x0000000709000000, 0x0000000709100000|  0%| F|  |TAMS 0x0000000709000000, 0x0000000709000000| Untracked 
| 145|0x0000000709100000, 0x0000000709100000, 0x0000000709200000|  0%| F|  |TAMS 0x0000000709100000, 0x0000000709100000| Untracked 
| 146|0x0000000709200000, 0x0000000709200000, 0x0000000709300000|  0%| F|  |TAMS 0x0000000709200000, 0x0000000709200000| Untracked 
| 147|0x0000000709300000, 0x0000000709300000, 0x0000000709400000|  0%| F|  |TAMS 0x0000000709300000, 0x0000000709300000| Untracked 
| 148|0x0000000709400000, 0x0000000709400000, 0x0000000709500000|  0%| F|  |TAMS 0x0000000709400000, 0x0000000709400000| Untracked 
| 149|0x0000000709500000, 0x0000000709500000, 0x0000000709600000|  0%| F|  |TAMS 0x0000000709500000, 0x0000000709500000| Untracked 
| 150|0x0000000709600000, 0x0000000709600000, 0x0000000709700000|  0%| F|  |TAMS 0x0000000709600000, 0x0000000709600000| Untracked 
| 151|0x0000000709700000, 0x0000000709700000, 0x0000000709800000|  0%| F|  |TAMS 0x0000000709700000, 0x0000000709700000| Untracked 
| 152|0x0000000709800000, 0x0000000709800000, 0x0000000709900000|  0%| F|  |TAMS 0x0000000709800000, 0x0000000709800000| Untracked 
| 153|0x0000000709900000, 0x0000000709900000, 0x0000000709a00000|  0%| F|  |TAMS 0x0000000709900000, 0x0000000709900000| Untracked 
| 154|0x0000000709a00000, 0x0000000709a00000, 0x0000000709b00000|  0%| F|  |TAMS 0x0000000709a00000, 0x0000000709a00000| Untracked 
| 155|0x0000000709b00000, 0x0000000709b00000, 0x0000000709c00000|  0%| F|  |TAMS 0x0000000709b00000, 0x0000000709b00000| Untracked 
| 156|0x0000000709c00000, 0x0000000709c00000, 0x0000000709d00000|  0%| F|  |TAMS 0x0000000709c00000, 0x0000000709c00000| Untracked 
| 157|0x0000000709d00000, 0x0000000709d00000, 0x0000000709e00000|  0%| F|  |TAMS 0x0000000709d00000, 0x0000000709d00000| Untracked 
| 158|0x0000000709e00000, 0x0000000709e00000, 0x0000000709f00000|  0%| F|  |TAMS 0x0000000709e00000, 0x0000000709e00000| Untracked 
| 159|0x0000000709f00000, 0x0000000709f00000, 0x000000070a000000|  0%| F|  |TAMS 0x0000000709f00000, 0x0000000709f00000| Untracked 
| 160|0x000000070a000000, 0x000000070a000000, 0x000000070a100000|  0%| F|  |TAMS 0x000000070a000000, 0x000000070a000000| Untracked 
| 161|0x000000070a100000, 0x000000070a100000, 0x000000070a200000|  0%| F|  |TAMS 0x000000070a100000, 0x000000070a100000| Untracked 
| 162|0x000000070a200000, 0x000000070a200000, 0x000000070a300000|  0%| F|  |TAMS 0x000000070a200000, 0x000000070a200000| Untracked 
| 163|0x000000070a300000, 0x000000070a300000, 0x000000070a400000|  0%| F|  |TAMS 0x000000070a300000, 0x000000070a300000| Untracked 
| 164|0x000000070a400000, 0x000000070a400000, 0x000000070a500000|  0%| F|  |TAMS 0x000000070a400000, 0x000000070a400000| Untracked 
| 165|0x000000070a500000, 0x000000070a500000, 0x000000070a600000|  0%| F|  |TAMS 0x000000070a500000, 0x000000070a500000| Untracked 
| 166|0x000000070a600000, 0x000000070a600000, 0x000000070a700000|  0%| F|  |TAMS 0x000000070a600000, 0x000000070a600000| Untracked 
| 167|0x000000070a700000, 0x000000070a700000, 0x000000070a800000|  0%| F|  |TAMS 0x000000070a700000, 0x000000070a700000| Untracked 
| 168|0x000000070a800000, 0x000000070a800000, 0x000000070a900000|  0%| F|  |TAMS 0x000000070a800000, 0x000000070a800000| Untracked 
| 169|0x000000070a900000, 0x000000070a900000, 0x000000070aa00000|  0%| F|  |TAMS 0x000000070a900000, 0x000000070a900000| Untracked 
| 170|0x000000070aa00000, 0x000000070aa00000, 0x000000070ab00000|  0%| F|  |TAMS 0x000000070aa00000, 0x000000070aa00000| Untracked 
| 171|0x000000070ab00000, 0x000000070ab00000, 0x000000070ac00000|  0%| F|  |TAMS 0x000000070ab00000, 0x000000070ab00000| Untracked 
| 172|0x000000070ac00000, 0x000000070ac00000, 0x000000070ad00000|  0%| F|  |TAMS 0x000000070ac00000, 0x000000070ac00000| Untracked 
| 173|0x000000070ad00000, 0x000000070ad00000, 0x000000070ae00000|  0%| F|  |TAMS 0x000000070ad00000, 0x000000070ad00000| Untracked 
| 174|0x000000070ae00000, 0x000000070ae00000, 0x000000070af00000|  0%| F|  |TAMS 0x000000070ae00000, 0x000000070ae00000| Untracked 
| 175|0x000000070af00000, 0x000000070af00000, 0x000000070b000000|  0%| F|  |TAMS 0x000000070af00000, 0x000000070af00000| Untracked 
| 176|0x000000070b000000, 0x000000070b000000, 0x000000070b100000|  0%| F|  |TAMS 0x000000070b000000, 0x000000070b000000| Untracked 
| 177|0x000000070b100000, 0x000000070b100000, 0x000000070b200000|  0%| F|  |TAMS 0x000000070b100000, 0x000000070b100000| Untracked 
| 178|0x000000070b200000, 0x000000070b200000, 0x000000070b300000|  0%| F|  |TAMS 0x000000070b200000, 0x000000070b200000| Untracked 
| 179|0x000000070b300000, 0x000000070b300000, 0x000000070b400000|  0%| F|  |TAMS 0x000000070b300000, 0x000000070b300000| Untracked 
| 180|0x000000070b400000, 0x000000070b400000, 0x000000070b500000|  0%| F|  |TAMS 0x000000070b400000, 0x000000070b400000| Untracked 
| 181|0x000000070b500000, 0x000000070b500000, 0x000000070b600000|  0%| F|  |TAMS 0x000000070b500000, 0x000000070b500000| Untracked 
| 182|0x000000070b600000, 0x000000070b600000, 0x000000070b700000|  0%| F|  |TAMS 0x000000070b600000, 0x000000070b600000| Untracked 
| 183|0x000000070b700000, 0x000000070b700000, 0x000000070b800000|  0%| F|  |TAMS 0x000000070b700000, 0x000000070b700000| Untracked 
| 184|0x000000070b800000, 0x000000070b800000, 0x000000070b900000|  0%| F|  |TAMS 0x000000070b800000, 0x000000070b800000| Untracked 
| 185|0x000000070b900000, 0x000000070b900000, 0x000000070ba00000|  0%| F|  |TAMS 0x000000070b900000, 0x000000070b900000| Untracked 
| 186|0x000000070ba00000, 0x000000070ba00000, 0x000000070bb00000|  0%| F|  |TAMS 0x000000070ba00000, 0x000000070ba00000| Untracked 
| 187|0x000000070bb00000, 0x000000070bb00000, 0x000000070bc00000|  0%| F|  |TAMS 0x000000070bb00000, 0x000000070bb00000| Untracked 
| 188|0x000000070bc00000, 0x000000070bc00000, 0x000000070bd00000|  0%| F|  |TAMS 0x000000070bc00000, 0x000000070bc00000| Untracked 
| 189|0x000000070bd00000, 0x000000070bd00000, 0x000000070be00000|  0%| F|  |TAMS 0x000000070bd00000, 0x000000070bd00000| Untracked 
| 190|0x000000070be00000, 0x000000070be00000, 0x000000070bf00000|  0%| F|  |TAMS 0x000000070be00000, 0x000000070be00000| Untracked 
| 191|0x000000070bf00000, 0x000000070bf00000, 0x000000070c000000|  0%| F|  |TAMS 0x000000070bf00000, 0x000000070bf00000| Untracked 
| 192|0x000000070c000000, 0x000000070c000000, 0x000000070c100000|  0%| F|  |TAMS 0x000000070c000000, 0x000000070c000000| Untracked 
| 193|0x000000070c100000, 0x000000070c100000, 0x000000070c200000|  0%| F|  |TAMS 0x000000070c100000, 0x000000070c100000| Untracked 
| 194|0x000000070c200000, 0x000000070c200000, 0x000000070c300000|  0%| F|  |TAMS 0x000000070c200000, 0x000000070c200000| Untracked 
| 195|0x000000070c300000, 0x000000070c300000, 0x000000070c400000|  0%| F|  |TAMS 0x000000070c300000, 0x000000070c300000| Untracked 
| 196|0x000000070c400000, 0x000000070c400000, 0x000000070c500000|  0%| F|  |TAMS 0x000000070c400000, 0x000000070c400000| Untracked 
| 197|0x000000070c500000, 0x000000070c500000, 0x000000070c600000|  0%| F|  |TAMS 0x000000070c500000, 0x000000070c500000| Untracked 
| 198|0x000000070c600000, 0x000000070c600000, 0x000000070c700000|  0%| F|  |TAMS 0x000000070c600000, 0x000000070c600000| Untracked 
| 199|0x000000070c700000, 0x000000070c700000, 0x000000070c800000|  0%| F|  |TAMS 0x000000070c700000, 0x000000070c700000| Untracked 
| 200|0x000000070c800000, 0x000000070c800000, 0x000000070c900000|  0%| F|  |TAMS 0x000000070c800000, 0x000000070c800000| Untracked 
| 201|0x000000070c900000, 0x000000070c900000, 0x000000070ca00000|  0%| F|  |TAMS 0x000000070c900000, 0x000000070c900000| Untracked 
| 202|0x000000070ca00000, 0x000000070ca00000, 0x000000070cb00000|  0%| F|  |TAMS 0x000000070ca00000, 0x000000070ca00000| Untracked 
| 203|0x000000070cb00000, 0x000000070cb00000, 0x000000070cc00000|  0%| F|  |TAMS 0x000000070cb00000, 0x000000070cb00000| Untracked 
| 204|0x000000070cc00000, 0x000000070cc00000, 0x000000070cd00000|  0%| F|  |TAMS 0x000000070cc00000, 0x000000070cc00000| Untracked 
| 205|0x000000070cd00000, 0x000000070cd00000, 0x000000070ce00000|  0%| F|  |TAMS 0x000000070cd00000, 0x000000070cd00000| Untracked 
| 206|0x000000070ce00000, 0x000000070ce00000, 0x000000070cf00000|  0%| F|  |TAMS 0x000000070ce00000, 0x000000070ce00000| Untracked 
| 207|0x000000070cf00000, 0x000000070cf00000, 0x000000070d000000|  0%| F|  |TAMS 0x000000070cf00000, 0x000000070cf00000| Untracked 
| 208|0x000000070d000000, 0x000000070d000000, 0x000000070d100000|  0%| F|  |TAMS 0x000000070d000000, 0x000000070d000000| Untracked 
| 209|0x000000070d100000, 0x000000070d100000, 0x000000070d200000|  0%| F|  |TAMS 0x000000070d100000, 0x000000070d100000| Untracked 
| 210|0x000000070d200000, 0x000000070d200000, 0x000000070d300000|  0%| F|  |TAMS 0x000000070d200000, 0x000000070d200000| Untracked 
| 211|0x000000070d300000, 0x000000070d300000, 0x000000070d400000|  0%| F|  |TAMS 0x000000070d300000, 0x000000070d300000| Untracked 
| 212|0x000000070d400000, 0x000000070d400000, 0x000000070d500000|  0%| F|  |TAMS 0x000000070d400000, 0x000000070d400000| Untracked 
| 213|0x000000070d500000, 0x000000070d500000, 0x000000070d600000|  0%| F|  |TAMS 0x000000070d500000, 0x000000070d500000| Untracked 
| 214|0x000000070d600000, 0x000000070d600000, 0x000000070d700000|  0%| F|  |TAMS 0x000000070d600000, 0x000000070d600000| Untracked 
| 215|0x000000070d700000, 0x000000070d700000, 0x000000070d800000|  0%| F|  |TAMS 0x000000070d700000, 0x000000070d700000| Untracked 
| 216|0x000000070d800000, 0x000000070d800000, 0x000000070d900000|  0%| F|  |TAMS 0x000000070d800000, 0x000000070d800000| Untracked 
| 217|0x000000070d900000, 0x000000070d900000, 0x000000070da00000|  0%| F|  |TAMS 0x000000070d900000, 0x000000070d900000| Untracked 
| 218|0x000000070da00000, 0x000000070da00000, 0x000000070db00000|  0%| F|  |TAMS 0x000000070da00000, 0x000000070da00000| Untracked 
| 219|0x000000070db00000, 0x000000070db00000, 0x000000070dc00000|  0%| F|  |TAMS 0x000000070db00000, 0x000000070db00000| Untracked 
| 220|0x000000070dc00000, 0x000000070dc00000, 0x000000070dd00000|  0%| F|  |TAMS 0x000000070dc00000, 0x000000070dc00000| Untracked 
| 221|0x000000070dd00000, 0x000000070dd00000, 0x000000070de00000|  0%| F|  |TAMS 0x000000070dd00000, 0x000000070dd00000| Untracked 
| 222|0x000000070de00000, 0x000000070de00000, 0x000000070df00000|  0%| F|  |TAMS 0x000000070de00000, 0x000000070de00000| Untracked 
| 223|0x000000070df00000, 0x000000070df00000, 0x000000070e000000|  0%| F|  |TAMS 0x000000070df00000, 0x000000070df00000| Untracked 
| 224|0x000000070e000000, 0x000000070e000000, 0x000000070e100000|  0%| F|  |TAMS 0x000000070e000000, 0x000000070e000000| Untracked 
| 225|0x000000070e100000, 0x000000070e100000, 0x000000070e200000|  0%| F|  |TAMS 0x000000070e100000, 0x000000070e100000| Untracked 
| 226|0x000000070e200000, 0x000000070e200000, 0x000000070e300000|  0%| F|  |TAMS 0x000000070e200000, 0x000000070e200000| Untracked 
| 227|0x000000070e300000, 0x000000070e300000, 0x000000070e400000|  0%| F|  |TAMS 0x000000070e300000, 0x000000070e300000| Untracked 
| 228|0x000000070e400000, 0x000000070e400000, 0x000000070e500000|  0%| F|  |TAMS 0x000000070e400000, 0x000000070e400000| Untracked 
| 229|0x000000070e500000, 0x000000070e500000, 0x000000070e600000|  0%| F|  |TAMS 0x000000070e500000, 0x000000070e500000| Untracked 
| 230|0x000000070e600000, 0x000000070e600000, 0x000000070e700000|  0%| F|  |TAMS 0x000000070e600000, 0x000000070e600000| Untracked 
| 231|0x000000070e700000, 0x000000070e700000, 0x000000070e800000|  0%| F|  |TAMS 0x000000070e700000, 0x000000070e700000| Untracked 
| 232|0x000000070e800000, 0x000000070e800000, 0x000000070e900000|  0%| F|  |TAMS 0x000000070e800000, 0x000000070e800000| Untracked 
| 233|0x000000070e900000, 0x000000070e900000, 0x000000070ea00000|  0%| F|  |TAMS 0x000000070e900000, 0x000000070e900000| Untracked 
| 234|0x000000070ea00000, 0x000000070ea00000, 0x000000070eb00000|  0%| F|  |TAMS 0x000000070ea00000, 0x000000070ea00000| Untracked 
| 235|0x000000070eb00000, 0x000000070eb00000, 0x000000070ec00000|  0%| F|  |TAMS 0x000000070eb00000, 0x000000070eb00000| Untracked 
| 236|0x000000070ec00000, 0x000000070ec00000, 0x000000070ed00000|  0%| F|  |TAMS 0x000000070ec00000, 0x000000070ec00000| Untracked 
| 237|0x000000070ed00000, 0x000000070ed76d38, 0x000000070ee00000| 46%| E|  |TAMS 0x000000070ed00000, 0x000000070ed00000| Complete 
| 238|0x000000070ee00000, 0x000000070ef00000, 0x000000070ef00000|100%| E|CS|TAMS 0x000000070ee00000, 0x000000070ee00000| Complete 
| 239|0x000000070ef00000, 0x000000070f000000, 0x000000070f000000|100%| E|CS|TAMS 0x000000070ef00000, 0x000000070ef00000| Complete 
| 240|0x000000070f000000, 0x000000070f100000, 0x000000070f100000|100%| E|CS|TAMS 0x000000070f000000, 0x000000070f000000| Complete 
| 241|0x000000070f100000, 0x000000070f200000, 0x000000070f200000|100%| E|CS|TAMS 0x000000070f100000, 0x000000070f100000| Complete 
| 242|0x000000070f200000, 0x000000070f300000, 0x000000070f300000|100%| E|CS|TAMS 0x000000070f200000, 0x000000070f200000| Complete 
| 243|0x000000070f300000, 0x000000070f400000, 0x000000070f400000|100%| E|CS|TAMS 0x000000070f300000, 0x000000070f300000| Complete 
| 244|0x000000070f400000, 0x000000070f500000, 0x000000070f500000|100%| E|CS|TAMS 0x000000070f400000, 0x000000070f400000| Complete 
| 245|0x000000070f500000, 0x000000070f600000, 0x000000070f600000|100%| E|CS|TAMS 0x000000070f500000, 0x000000070f500000| Complete 
| 246|0x000000070f600000, 0x000000070f700000, 0x000000070f700000|100%| E|CS|TAMS 0x000000070f600000, 0x000000070f600000| Complete 
| 247|0x000000070f700000, 0x000000070f800000, 0x000000070f800000|100%| E|CS|TAMS 0x000000070f700000, 0x000000070f700000| Complete 
| 248|0x000000070f800000, 0x000000070f900000, 0x000000070f900000|100%| E|CS|TAMS 0x000000070f800000, 0x000000070f800000| Complete 
| 249|0x000000070f900000, 0x000000070fa00000, 0x000000070fa00000|100%| E|CS|TAMS 0x000000070f900000, 0x000000070f900000| Complete 
| 250|0x000000070fa00000, 0x000000070fb00000, 0x000000070fb00000|100%| E|CS|TAMS 0x000000070fa00000, 0x000000070fa00000| Complete 
| 251|0x000000070fb00000, 0x000000070fc00000, 0x000000070fc00000|100%| E|CS|TAMS 0x000000070fb00000, 0x000000070fb00000| Complete 
| 252|0x000000070fc00000, 0x000000070fd00000, 0x000000070fd00000|100%| E|CS|TAMS 0x000000070fc00000, 0x000000070fc00000| Complete 
| 253|0x000000070fd00000, 0x000000070fe00000, 0x000000070fe00000|100%| E|CS|TAMS 0x000000070fd00000, 0x000000070fd00000| Complete 
| 254|0x000000070fe00000, 0x000000070ff00000, 0x000000070ff00000|100%| E|CS|TAMS 0x000000070fe00000, 0x000000070fe00000| Complete 
| 255|0x000000070ff00000, 0x0000000710000000, 0x0000000710000000|100%| E|CS|TAMS 0x000000070ff00000, 0x000000070ff00000| Complete 
|3070|0x00000007bfe00000, 0x00000007bfe51000, 0x00000007bff00000| 31%|OA|  |TAMS 0x00000007bfe00000, 0x00000007bfe00000| Untracked 
|3071|0x00000007bff00000, 0x00000007bff7b000, 0x00000007c0000000| 48%|CA|  |TAMS 0x00000007bff00000, 0x00000007bff00000| Untracked 

Card table byte_map: [0x000000010d760000,0x000000010df60000] _byte_map_base: 0x0000000109f60000

Marking Bits (Prev, Next): (CMBitMap*) 0x00007f81f5010218, (CMBitMap*) 0x00007f81f5010258
 Prev Bits: [0x000000010e760000, 0x0000000112760000)
 Next Bits: [0x000000012b494000, 0x000000012f494000)

Polling page: 0x000000010a69e000

Metaspace:

Usage:
  Non-class:      5.07 MB capacity,     3.15 MB ( 62%) used,     1.91 MB ( 38%) free+waste,     8.56 KB ( <1%) overhead. 
      Class:    530.00 KB capacity,   272.80 KB ( 51%) used,   252.20 KB ( 48%) free+waste,     5.00 KB ( <1%) overhead. 
       Both:      5.59 MB capacity,     3.42 MB ( 61%) used,     2.16 MB ( 39%) free+waste,    13.56 KB ( <1%) overhead. 

Virtual space:
  Non-class space:        8.00 MB reserved,       5.25 MB ( 66%) committed 
      Class space:        1.00 GB reserved,     640.00 KB ( <1%) committed 
             Both:        1.01 GB reserved,       5.88 MB ( <1%) committed 

Chunk freelists:
   Non-Class:  20.00 KB
       Class:  2.00 KB
        Both:  22.00 KB

MaxMetaspaceSize: unlimited
CompressedClassSpaceSize: 1.00 GB

CodeHeap 'non-profiled nmethods': size=120028Kb used=365Kb max_used=365Kb free=119662Kb
 bounds [0x0000000123f5d000, 0x00000001241cd000, 0x000000012b494000]
CodeHeap 'profiled nmethods': size=120028Kb used=1716Kb max_used=1716Kb free=118311Kb
 bounds [0x000000011ca26000, 0x000000011cc96000, 0x0000000123f5d000]
CodeHeap 'non-nmethods': size=5704Kb used=1510Kb max_used=1540Kb free=4193Kb
 bounds [0x000000011c494000, 0x000000011c704000, 0x000000011ca26000]
 total_blobs=1925 nmethods=841 adapters=790
 compilation: enabled
              stopped_count=0, restarted_count=0
 full_count=0

Compilation events (20 events):
Event: 0.643 Thread 0x00007f81f50f0800  844       3       org.jetbrains.coverage.org.objectweb.asm.MethodVisitor::visitAnnotation (19 bytes)
Event: 0.643 Thread 0x00007f81f50f0800 nmethod 844 0x000000011cbc4d90 code [0x000000011cbc4f40, 0x000000011cbc5180]
Event: 0.643 Thread 0x00007f81f50f0800  846       3       org.jetbrains.coverage.org.objectweb.asm.Frame::execute (2318 bytes)
Event: 0.646 Thread 0x00007f81f6043000 nmethod 824 0x0000000123fb4f10 code [0x0000000123fb5140, 0x0000000123fb5878]
Event: 0.646 Thread 0x00007f81f6043000  834       4       org.jetbrains.coverage.org.objectweb.asm.ClassReader::readCode (5089 bytes)
Event: 0.647 Thread 0x00007f81f50f0800 nmethod 846 0x000000011cbc5290 code [0x000000011cbc5fe0, 0x000000011cbcc370]
Event: 0.647 Thread 0x00007f81f50f0800  847       3       org.jetbrains.coverage.gnu.trove.TIntObjectHashMap::rehash (117 bytes)
Event: 0.647 Thread 0x00007f81f50f0800 nmethod 847 0x000000011cbce010 code [0x000000011cbce200, 0x000000011cbceb60]
Event: 0.647 Thread 0x00007f81f50f0800  848       3       org.jetbrains.coverage.org.objectweb.asm.MethodVisitor::visitTryCatchBlock (20 bytes)
Event: 0.647 Thread 0x00007f81f50f0800 nmethod 848 0x000000011cbcef10 code [0x000000011cbcf0a0, 0x000000011cbcf2c0]
Event: 0.648 Thread 0x00007f81f480f800 nmethod 827 0x0000000123fb5c90 code [0x0000000123fb5ea0, 0x0000000123fb63f8]
Event: 0.648 Thread 0x00007f81f480f800  841       4       org.jetbrains.coverage.org.objectweb.asm.Type::getArgumentTypes (140 bytes)
Event: 0.649 Thread 0x00007f81f50f0800  849       1       java.util.Formatter$Flags::valueOf (5 bytes)
Event: 0.649 Thread 0x00007f81f50f0800 nmethod 849 0x0000000123fb6790 code [0x0000000123fb6920, 0x0000000123fb69f0]
Event: 0.654 Thread 0x00007f81f50f0800  850       3       org.lwjgl.system.MemoryUtil::encodeASCII (129 bytes)
Event: 0.655 Thread 0x00007f81f50f0800 nmethod 850 0x000000011cbcf390 code [0x000000011cbcf7e0, 0x000000011cbd2240]
Event: 0.656 Thread 0x00007f81f50f0800  851       3       java.io.InputStream::<init> (5 bytes)
Event: 0.656 Thread 0x00007f81f50f0800 nmethod 851 0x000000011cbd2f10 code [0x000000011cbd30a0, 0x000000011cbd3210]
Event: 0.670 Thread 0x00007f81f480f800 nmethod 841 0x0000000123fb6a90 code [0x0000000123fb6da0, 0x0000000123fb7d38]
Event: 0.670 Thread 0x00007f81f480f800  836       4       org.jetbrains.coverage.org.objectweb.asm.SymbolTable::addConstantMemberReference (147 bytes)

GC Heap History (0 events):
No events

Deoptimization events (20 events):
Event: 0.333 Thread 0x00007f81f600a000 Uncommon trap: trap_request=0xffffffde fr.pc=0x0000000123f74be4 relative=0x0000000000000344
Event: 0.333 Thread 0x00007f81f600a000 Uncommon trap: reason=class_check action=maybe_recompile pc=0x0000000123f74be4 method=java.util.HashMap.getNode(ILjava/lang/Object;)Ljava/util/HashMap$Node; @ 59 c2
Event: 0.333 Thread 0x00007f81f600a000 DEOPT PACKING pc=0x0000000123f74be4 sp=0x000070000f4e7c60
Event: 0.333 Thread 0x00007f81f600a000 DEOPT UNPACKING pc=0x000000011c4dce25 sp=0x000070000f4e7bf8 mode 2
Event: 0.548 Thread 0x00007f81f600a000 Uncommon trap: trap_request=0xffffffde fr.pc=0x0000000123f74be4 relative=0x0000000000000344
Event: 0.548 Thread 0x00007f81f600a000 Uncommon trap: reason=class_check action=maybe_recompile pc=0x0000000123f74be4 method=java.util.HashMap.getNode(ILjava/lang/Object;)Ljava/util/HashMap$Node; @ 59 c2
Event: 0.548 Thread 0x00007f81f600a000 DEOPT PACKING pc=0x0000000123f74be4 sp=0x000070000f4e5ea0
Event: 0.549 Thread 0x00007f81f600a000 DEOPT UNPACKING pc=0x000000011c4dce25 sp=0x000070000f4e5e38 mode 2
Event: 0.636 Thread 0x00007f81f600a000 Uncommon trap: trap_request=0xffffff45 fr.pc=0x0000000123f9d244 relative=0x0000000000001b64
Event: 0.636 Thread 0x00007f81f600a000 Uncommon trap: reason=unstable_if action=reinterpret pc=0x0000000123f9d244 method=org.jetbrains.coverage.org.objectweb.asm.Frame.merge(Lorg/jetbrains/coverage/org/objectweb/asm/SymbolTable;Lorg/jetbrains/coverage/org/objectweb/asm/Frame;I)Z @ 183 c2
Event: 0.636 Thread 0x00007f81f600a000 DEOPT PACKING pc=0x0000000123f9d244 sp=0x000070000f4e4c00
Event: 0.636 Thread 0x00007f81f600a000 DEOPT UNPACKING pc=0x000000011c4dce25 sp=0x000070000f4e4ba8 mode 2
Event: 0.637 Thread 0x00007f81f600a000 Uncommon trap: trap_request=0xffffffde fr.pc=0x0000000123f74be4 relative=0x0000000000000344
Event: 0.637 Thread 0x00007f81f600a000 Uncommon trap: reason=class_check action=maybe_recompile pc=0x0000000123f74be4 method=java.util.HashMap.getNode(ILjava/lang/Object;)Ljava/util/HashMap$Node; @ 59 c2
Event: 0.637 Thread 0x00007f81f600a000 DEOPT PACKING pc=0x0000000123f74be4 sp=0x000070000f4e76d0
Event: 0.637 Thread 0x00007f81f600a000 DEOPT UNPACKING pc=0x000000011c4dce25 sp=0x000070000f4e7668 mode 2
Event: 0.643 Thread 0x00007f81f600a000 Uncommon trap: trap_request=0xffffff45 fr.pc=0x0000000123fafb7c relative=0x00000000000048dc
Event: 0.643 Thread 0x00007f81f600a000 Uncommon trap: reason=unstable_if action=reinterpret pc=0x0000000123fafb7c method=org.jetbrains.coverage.org.objectweb.asm.Frame.push(I)V @ 26 c2
Event: 0.643 Thread 0x00007f81f600a000 DEOPT PACKING pc=0x0000000123fafb7c sp=0x000070000f4e56c0
Event: 0.643 Thread 0x00007f81f600a000 DEOPT UNPACKING pc=0x000000011c4dce25 sp=0x000070000f4e55d8 mode 2

Classes unloaded (0 events):
No events

Classes redefined (0 events):
No events

Internal exceptions (6 events):
Event: 0.533 Thread 0x00007f81f600a000 Exception <a 'java/lang/NoSuchMethodError'{0x000000070f560048}: 'void java.lang.invoke.DelegatingMethodHandle$Holder.delegate(java.lang.Object, java.lang.Object, int, java.lang.Object)'> (0x000000070f560048) 
thrown [./open/src/hotspot/share/interpreter/linkResolver.cpp, line 766]
Event: 0.534 Thread 0x00007f81f600a000 Exception <a 'java/lang/NoSuchMethodError'{0x000000070f566b00}: 'java.lang.Object java.lang.invoke.DirectMethodHandle$Holder.invokeStaticInit(java.lang.Object, java.lang.Object, java.lang.Object)'> (0x000000070f566b00) 
thrown [./open/src/hotspot/share/interpreter/linkResolver.cpp, line 766]
Event: 0.546 Thread 0x00007f81f600a000 Exception <a 'sun/nio/fs/UnixException'{0x000000070f402340}> (0x000000070f402340) 
thrown [./open/src/hotspot/share/prims/jni.cpp, line 599]
Event: 0.566 Thread 0x00007f81f600a000 Exception <a 'sun/nio/fs/UnixException'{0x000000070f396af8}> (0x000000070f396af8) 
thrown [./open/src/hotspot/share/prims/jni.cpp, line 599]
Event: 0.582 Thread 0x00007f81f600a000 Exception <a 'sun/nio/fs/UnixException'{0x000000070f1c31f8}> (0x000000070f1c31f8) 
thrown [./open/src/hotspot/share/prims/jni.cpp, line 599]
Event: 0.648 Thread 0x00007f81f600a000 Exception <a 'sun/nio/fs/UnixException'{0x000000070eeb0ca8}> (0x000000070eeb0ca8) 
thrown [./open/src/hotspot/share/prims/jni.cpp, line 599]

Events (20 events):
Event: 0.635 loading class org/lwjgl/system/MathUtil
Event: 0.635 loading class org/lwjgl/system/MathUtil done
Event: 0.636 loading class org/lwjgl/system/MultiReleaseTextDecoding
Event: 0.636 loading class org/lwjgl/system/MultiReleaseTextDecoding done
Event: 0.637 loading class java/lang/StackTraceElement$HashedModules
Event: 0.637 loading class java/lang/StackTraceElement$HashedModules done
Event: 0.639 loading class dse/engine/io/Window
Event: 0.639 loading class dse/engine/io/Window done
Event: 0.640 loading class org/lwjgl/glfw/EventLoop$OffScreen
Event: 0.640 loading class org/lwjgl/glfw/EventLoop$OffScreen done
Event: 0.641 loading class org/lwjgl/glfw/EventLoop
Event: 0.641 loading class org/lwjgl/glfw/EventLoop done
Event: 0.641 loading class org/lwjgl/system/macosx/ObjCRuntime
Event: 0.641 loading class org/lwjgl/system/macosx/ObjCRuntime done
Event: 0.649 loading class org/lwjgl/system/dyncall/DynLoad
Event: 0.649 loading class org/lwjgl/system/dyncall/DynLoad done
Event: 0.653 loading class org/lwjgl/system/macosx/ObjCRuntime$Functions
Event: 0.653 loading class org/lwjgl/system/macosx/ObjCRuntime$Functions done
Event: 0.656 loading class org/lwjgl/system/macosx/CoreFoundation
Event: 0.656 loading class org/lwjgl/system/macosx/CoreFoundation done


Dynamic libraries:
0x00007fff71978000 	/usr/lib/libz.1.dylib
0x000000010a664000 	/Users/darthshell/Library/Java/JavaVirtualMachines/openjdk-14.0.1/Contents/Home/lib/libjli.dylib
0x00007fff376d1000 	/System/Library/Frameworks/Cocoa.framework/Versions/A/Cocoa
0x00007fff44eb9000 	/System/Library/Frameworks/Security.framework/Versions/A/Security
0x00007fff36638000 	/System/Library/Frameworks/ApplicationServices.framework/Versions/A/ApplicationServices
0x00007fff6f43c000 	/usr/lib/libSystem.B.dylib
0x00007fff72238000 	/usr/lib/system/libcache.dylib
0x00007fff7223e000 	/usr/lib/system/libcommonCrypto.dylib
0x00007fff7224a000 	/usr/lib/system/libcompiler_rt.dylib
0x00007fff72252000 	/usr/lib/system/libcopyfile.dylib
0x00007fff7225c000 	/usr/lib/system/libcorecrypto.dylib
0x00007fff723fb000 	/usr/lib/system/libdispatch.dylib
0x00007fff7243c000 	/usr/lib/system/libdyld.dylib
0x00007fff72473000 	/usr/lib/system/libkeymgr.dylib
0x00007fff72481000 	/usr/lib/system/liblaunch.dylib
0x00007fff72482000 	/usr/lib/system/libmacho.dylib
0x00007fff72488000 	/usr/lib/system/libquarantine.dylib
0x00007fff7248b000 	/usr/lib/system/libremovefile.dylib
0x00007fff7248d000 	/usr/lib/system/libsystem_asl.dylib
0x00007fff724a5000 	/usr/lib/system/libsystem_blocks.dylib
0x00007fff724a6000 	/usr/lib/system/libsystem_c.dylib
0x00007fff7252e000 	/usr/lib/system/libsystem_configuration.dylib
0x00007fff72532000 	/usr/lib/system/libsystem_coreservices.dylib
0x00007fff72536000 	/usr/lib/system/libsystem_darwin.dylib
0x00007fff7253f000 	/usr/lib/system/libsystem_dnssd.dylib
0x00007fff72547000 	/usr/lib/system/libsystem_featureflags.dylib
0x00007fff72549000 	/usr/lib/system/libsystem_info.dylib
0x00007fff725c4000 	/usr/lib/system/libsystem_m.dylib
0x00007fff7260c000 	/usr/lib/system/libsystem_malloc.dylib
0x00007fff72634000 	/usr/lib/system/libsystem_networkextension.dylib
0x00007fff72642000 	/usr/lib/system/libsystem_notify.dylib
0x00007fff72660000 	/usr/lib/system/libsystem_sandbox.dylib
0x00007fff72665000 	/usr/lib/system/libsystem_secinit.dylib
0x00007fff72597000 	/usr/lib/system/libsystem_kernel.dylib
0x00007fff7264c000 	/usr/lib/system/libsystem_platform.dylib
0x00007fff72655000 	/usr/lib/system/libsystem_pthread.dylib
0x00007fff72668000 	/usr/lib/system/libsystem_symptoms.dylib
0x00007fff72670000 	/usr/lib/system/libsystem_trace.dylib
0x00007fff72688000 	/usr/lib/system/libunwind.dylib
0x00007fff7268e000 	/usr/lib/system/libxpc.dylib
0x00007fff7129c000 	/usr/lib/libobjc.A.dylib
0x00007fff6f775000 	/usr/lib/libc++abi.dylib
0x00007fff6f722000 	/usr/lib/libc++.1.dylib
0x00007fff38571000 	/System/Library/Frameworks/CoreFoundation.framework/Versions/A/CoreFoundation
0x00007fff3ac2b000 	/System/Library/Frameworks/Foundation.framework/Versions/C/Foundation
0x00007fff35828000 	/System/Library/Frameworks/AppKit.framework/Versions/C/AppKit
0x00007fff38055000 	/System/Library/Frameworks/CoreData.framework/Versions/A/CoreData
0x00007fff69457000 	/System/Library/PrivateFrameworks/UIFoundation.framework/Versions/A/UIFoundation
0x00007fff644fb000 	/System/Library/PrivateFrameworks/RemoteViewServices.framework/Versions/A/RemoteViewServices
0x00007fff6bfac000 	/System/Library/PrivateFrameworks/XCTTargetBootstrap.framework/Versions/A/XCTTargetBootstrap
0x00007fff38440000 	/System/Library/Frameworks/CoreDisplay.framework/Versions/A/CoreDisplay
0x00007fff3dae6000 	/System/Library/Frameworks/Metal.framework/Versions/A/Metal
0x00007fff5251d000 	/System/Library/PrivateFrameworks/DesktopServicesPriv.framework/Versions/A/DesktopServicesPriv
0x00007fff70577000 	/usr/lib/liblangid.dylib
0x00007fff517b5000 	/System/Library/PrivateFrameworks/CoreSVG.framework/Versions/A/CoreSVG
0x00007fff67654000 	/System/Library/PrivateFrameworks/SkyLight.framework/Versions/A/SkyLight
0x00007fff389f2000 	/System/Library/Frameworks/CoreGraphics.framework/Versions/A/CoreGraphics
0x00007fff341fc000 	/System/Library/Frameworks/Accelerate.framework/Versions/A/Accelerate
0x00007fff71869000 	/usr/lib/libxml2.2.dylib
0x00007fff5d494000 	/System/Library/PrivateFrameworks/IconServices.framework/Versions/A/IconServices
0x00007fff3b40a000 	/System/Library/Frameworks/IOSurface.framework/Versions/A/IOSurface
0x00007fff6ef66000 	/usr/lib/libDiagnosticMessagesClient.dylib
0x00007fff52377000 	/System/Library/PrivateFrameworks/DFRFoundation.framework/Versions/A/DFRFoundation
0x00007fff70306000 	/usr/lib/libicucore.A.dylib
0x00007fff3696a000 	/System/Library/Frameworks/AudioToolbox.framework/Versions/A/AudioToolbox
0x00007fff36a4d000 	/System/Library/Frameworks/AudioUnit.framework/Versions/A/AudioUnit
0x00007fff6f63e000 	/usr/lib/libauto.dylib
0x00007fff52419000 	/System/Library/PrivateFrameworks/DataDetectorsCore.framework/Versions/A/DataDetectorsCore
0x00007fff371f2000 	/System/Library/Frameworks/Carbon.framework/Versions/A/Frameworks/HIToolbox.framework/Versions/A/HIToolbox
0x00007fff440b6000 	/System/Library/Frameworks/QuartzCore.framework/Versions/A/QuartzCore
0x00007fff37531000 	/System/Library/Frameworks/Carbon.framework/Versions/A/Frameworks/SpeechRecognition.framework/Versions/A/SpeechRecognition
0x00007fff51e8e000 	/System/Library/PrivateFrameworks/CoreUI.framework/Versions/A/CoreUI
0x00007fff37ac0000 	/System/Library/Frameworks/CoreAudio.framework/Versions/A/CoreAudio
0x00007fff3a8ec000 	/System/Library/Frameworks/DiskArbitration.framework/Versions/A/DiskArbitration
0x00007fff5f4e2000 	/System/Library/PrivateFrameworks/MultitouchSupport.framework/Versions/A/MultitouchSupport
0x00007fff701cd000 	/usr/lib/libenergytrace.dylib
0x00007fff3b364000 	/System/Library/Frameworks/IOKit.framework/Versions/A/IOKit
0x00007fff39958000 	/System/Library/Frameworks/CoreServices.framework/Versions/A/CoreServices
0x00007fff61691000 	/System/Library/PrivateFrameworks/PerformanceAnalysis.framework/Versions/A/PerformanceAnalysis
0x00007fff430e9000 	/System/Library/Frameworks/OpenGL.framework/Versions/A/OpenGL
0x00007fff376df000 	/System/Library/Frameworks/ColorSync.framework/Versions/A/ColorSync
0x00007fff39074000 	/System/Library/Frameworks/CoreImage.framework/Versions/A/CoreImage
0x00007fff3a3cb000 	/System/Library/Frameworks/CoreText.framework/Versions/A/CoreText
0x00007fff3b49a000 	/System/Library/Frameworks/ImageIO.framework/Versions/A/ImageIO
0x00007fff6f79e000 	/usr/lib/libcompression.dylib
0x00007fff6f2aa000 	/usr/lib/libMobileGestalt.dylib
0x00007fff691cc000 	/System/Library/PrivateFrameworks/TextureIO.framework/Versions/A/TextureIO
0x00007fff6f5a1000 	/usr/lib/libate.dylib
0x00007fff5d69d000 	/System/Library/PrivateFrameworks/InternationalSupport.framework/Versions/A/InternationalSupport
0x00007fff70579000 	/usr/lib/liblzma.5.dylib
0x00007fff701f4000 	/usr/lib/libfakelink.dylib
0x00007fff6f52e000 	/usr/lib/libarchive.2.dylib
0x00007fff45f6a000 	/System/Library/Frameworks/SystemConfiguration.framework/Versions/A/SystemConfiguration
0x00007fff6ee99000 	/usr/lib/libCRFSuite.dylib
0x00007fff36de3000 	/System/Library/Frameworks/CFNetwork.framework/Versions/A/CFNetwork
0x00007fff6f704000 	/usr/lib/libbsm.0.dylib
0x00007fff72474000 	/usr/lib/system/libkxld.dylib
0x00007fff4bd03000 	/System/Library/PrivateFrameworks/AppleFSCompression.framework/Versions/A/AppleFSCompression
0x00007fff6fa8f000 	/usr/lib/libcoretls.dylib
0x00007fff6faa6000 	/usr/lib/libcoretls_cfhelpers.dylib
0x00007fff712e2000 	/usr/lib/libpam.2.dylib
0x00007fff71417000 	/usr/lib/libsqlite3.dylib
0x00007fff71856000 	/usr/lib/libxar.1.dylib
0x00007fff6f715000 	/usr/lib/libbz2.1.0.dylib
0x00007fff70215000 	/usr/lib/libiconv.2.dylib
0x00007fff6f78b000 	/usr/lib/libcharset.1.dylib
0x00007fff70d7f000 	/usr/lib/libnetwork.dylib
0x00007fff712e9000 	/usr/lib/libpcap.A.dylib
0x00007fff6f4e3000 	/usr/lib/libapple_nghttp2.dylib
0x00007fff39d0f000 	/System/Library/Frameworks/CoreServices.framework/Versions/A/Frameworks/FSEvents.framework/Versions/A/FSEvents
0x00007fff399df000 	/System/Library/Frameworks/CoreServices.framework/Versions/A/Frameworks/CarbonCore.framework/Versions/A/CarbonCore
0x00007fff39f53000 	/System/Library/Frameworks/CoreServices.framework/Versions/A/Frameworks/Metadata.framework/Versions/A/Metadata
0x00007fff39fec000 	/System/Library/Frameworks/CoreServices.framework/Versions/A/Frameworks/OSServices.framework/Versions/A/OSServices
0x00007fff3a01a000 	/System/Library/Frameworks/CoreServices.framework/Versions/A/Frameworks/SearchKit.framework/Versions/A/SearchKit
0x00007fff39959000 	/System/Library/Frameworks/CoreServices.framework/Versions/A/Frameworks/AE.framework/Versions/A/AE
0x00007fff39d18000 	/System/Library/Frameworks/CoreServices.framework/Versions/A/Frameworks/LaunchServices.framework/Versions/A/LaunchServices
0x00007fff39cc1000 	/System/Library/Frameworks/CoreServices.framework/Versions/A/Frameworks/DictionaryServices.framework/Versions/A/DictionaryServices
0x00007fff3a082000 	/System/Library/Frameworks/CoreServices.framework/Versions/A/Frameworks/SharedFileList.framework/Versions/A/SharedFileList
0x00007fff3ef09000 	/System/Library/Frameworks/NetFS.framework/Versions/A/NetFS
0x00007fff5fa12000 	/System/Library/PrivateFrameworks/NetAuth.framework/Versions/A/NetAuth
0x00007fff6c379000 	/System/Library/PrivateFrameworks/login.framework/Versions/A/Frameworks/loginsupport.framework/Versions/A/loginsupport
0x00007fff68c97000 	/System/Library/PrivateFrameworks/TCC.framework/Versions/A/TCC
0x00007fff50928000 	/System/Library/PrivateFrameworks/CoreNLP.framework/Versions/A/CoreNLP
0x00007fff5ef0f000 	/System/Library/PrivateFrameworks/MetadataUtilities.framework/Versions/A/MetadataUtilities
0x00007fff70651000 	/usr/lib/libmecabra.dylib
0x00007fff705a9000 	/usr/lib/libmecab.dylib
0x00007fff70205000 	/usr/lib/libgermantok.dylib
0x00007fff6f4ca000 	/usr/lib/libThaiTokenizer.dylib
0x00007fff6eed0000 	/usr/lib/libChineseTokenizer.dylib
0x00007fff34214000 	/System/Library/Frameworks/Accelerate.framework/Versions/A/Frameworks/vImage.framework/Versions/A/vImage
0x00007fff3567e000 	/System/Library/Frameworks/Accelerate.framework/Versions/A/Frameworks/vecLib.framework/Versions/A/vecLib
0x00007fff355bb000 	/System/Library/Frameworks/Accelerate.framework/Versions/A/Frameworks/vecLib.framework/Versions/A/libvMisc.dylib
0x00007fff353e3000 	/System/Library/Frameworks/Accelerate.framework/Versions/A/Frameworks/vecLib.framework/Versions/A/libvDSP.dylib
0x00007fff3486b000 	/System/Library/Frameworks/Accelerate.framework/Versions/A/Frameworks/vecLib.framework/Versions/A/libBLAS.dylib
0x00007fff34fa7000 	/System/Library/Frameworks/Accelerate.framework/Versions/A/Frameworks/vecLib.framework/Versions/A/libLAPACK.dylib
0x00007fff35343000 	/System/Library/Frameworks/Accelerate.framework/Versions/A/Frameworks/vecLib.framework/Versions/A/libLinearAlgebra.dylib
0x00007fff353d0000 	/System/Library/Frameworks/Accelerate.framework/Versions/A/Frameworks/vecLib.framework/Versions/A/libSparseBLAS.dylib
0x00007fff35359000 	/System/Library/Frameworks/Accelerate.framework/Versions/A/Frameworks/vecLib.framework/Versions/A/libQuadrature.dylib
0x00007fff34ad3000 	/System/Library/Frameworks/Accelerate.framework/Versions/A/Frameworks/vecLib.framework/Versions/A/libBNNS.dylib
0x00007fff3535f000 	/System/Library/Frameworks/Accelerate.framework/Versions/A/Frameworks/vecLib.framework/Versions/A/libSparse.dylib
0x00007fff5da85000 	/System/Library/PrivateFrameworks/LanguageModeling.framework/Versions/A/LanguageModeling
0x00007fff502d8000 	/System/Library/PrivateFrameworks/CoreEmoji.framework/Versions/A/CoreEmoji
0x00007fff5dba3000 	/System/Library/PrivateFrameworks/LinguisticData.framework/Versions/A/LinguisticData
0x00007fff5db54000 	/System/Library/PrivateFrameworks/Lexicon.framework/Versions/A/Lexicon
0x00007fff6f78c000 	/usr/lib/libcmph.dylib
0x00007fff41af7000 	/System/Library/Frameworks/OpenDirectory.framework/Versions/A/Frameworks/CFOpenDirectory.framework/Versions/A/CFOpenDirectory
0x00007fff41b14000 	/System/Library/Frameworks/OpenDirectory.framework/Versions/A/OpenDirectory
0x00007fff49f39000 	/System/Library/PrivateFrameworks/APFS.framework/Versions/A/APFS
0x00007fff45203000 	/System/Library/Frameworks/SecurityFoundation.framework/Versions/A/SecurityFoundation
0x00007fff71852000 	/usr/lib/libutil.dylib
0x00007fff5180d000 	/System/Library/PrivateFrameworks/CoreServicesStore.framework/Versions/A/CoreServicesStore
0x00007fff452ba000 	/System/Library/Frameworks/ServiceManagement.framework/Versions/A/ServiceManagement
0x00007fff4d4d2000 	/System/Library/PrivateFrameworks/BackgroundTaskManagement.framework/Versions/A/BackgroundTaskManagement
0x00007fff7194f000 	/usr/lib/libxslt.1.dylib
0x00007fff4c376000 	/System/Library/PrivateFrameworks/AppleSystemInfo.framework/Versions/A/AppleSystemInfo
0x00007fff3b6b5000 	/System/Library/Frameworks/ImageIO.framework/Versions/A/Resources/libJPEG.dylib
0x00007fff3b971000 	/System/Library/Frameworks/ImageIO.framework/Versions/A/Resources/libTIFF.dylib
0x00007fff3b954000 	/System/Library/Frameworks/ImageIO.framework/Versions/A/Resources/libPng.dylib
0x00007fff3b5f7000 	/System/Library/Frameworks/ImageIO.framework/Versions/A/Resources/libGIF.dylib
0x00007fff3b5fb000 	/System/Library/Frameworks/ImageIO.framework/Versions/A/Resources/libJP2.dylib
0x00007fff3b96f000 	/System/Library/Frameworks/ImageIO.framework/Versions/A/Resources/libRadiance.dylib
0x00007fff701ce000 	/usr/lib/libexpat.1.dylib
0x00007fff4be5e000 	/System/Library/PrivateFrameworks/AppleJPEG.framework/Versions/A/AppleJPEG
0x00007fff54af6000 	/System/Library/PrivateFrameworks/FontServices.framework/libFontParser.dylib
0x00007fff6b37e000 	/System/Library/PrivateFrameworks/WatchdogClient.framework/Versions/A/WatchdogClient
0x00007fff5d0e0000 	/System/Library/PrivateFrameworks/IOAccelerator.framework/Versions/A/IOAccelerator
0x00007fff3de81000 	/System/Library/Frameworks/MetalPerformanceShaders.framework/Versions/A/MetalPerformanceShaders
0x00007fff59877000 	/System/Library/PrivateFrameworks/GPUWrangler.framework/Versions/A/GPUWrangler
0x00007fff5d0f5000 	/System/Library/PrivateFrameworks/IOPresentment.framework/Versions/A/IOPresentment
0x00007fff5238a000 	/System/Library/PrivateFrameworks/DSExternalDisplay.framework/Versions/A/DSExternalDisplay
0x00007fff42488000 	/System/Library/Frameworks/OpenGL.framework/Versions/A/Libraries/libCoreFSCache.dylib
0x00007fff3dbcd000 	/System/Library/Frameworks/MetalPerformanceShaders.framework/Frameworks/MPSCore.framework/Versions/A/MPSCore
0x00007fff3dc0b000 	/System/Library/Frameworks/MetalPerformanceShaders.framework/Frameworks/MPSImage.framework/Versions/A/MPSImage
0x00007fff3dcd2000 	/System/Library/Frameworks/MetalPerformanceShaders.framework/Frameworks/MPSNeuralNetwork.framework/Versions/A/MPSNeuralNetwork
0x00007fff3dc96000 	/System/Library/Frameworks/MetalPerformanceShaders.framework/Frameworks/MPSMatrix.framework/Versions/A/MPSMatrix
0x00007fff3de31000 	/System/Library/Frameworks/MetalPerformanceShaders.framework/Frameworks/MPSRayIntersector.framework/Versions/A/MPSRayIntersector
0x00007fff3dcbc000 	/System/Library/Frameworks/MetalPerformanceShaders.framework/Frameworks/MPSNDArray.framework/Versions/A/MPSNDArray
0x00007fff5ef5c000 	/System/Library/PrivateFrameworks/MetalTools.framework/Versions/A/MetalTools
0x00007fff4b10e000 	/System/Library/PrivateFrameworks/AggregateDictionary.framework/Versions/A/AggregateDictionary
0x00007fff4fd22000 	/System/Library/PrivateFrameworks/CoreAnalytics.framework/Versions/A/CoreAnalytics
0x00007fff4c295000 	/System/Library/PrivateFrameworks/AppleSauce.framework/Versions/A/AppleSauce
0x00007fff6f18c000 	/usr/lib/libIOReport.dylib
0x00007fff3a583000 	/System/Library/Frameworks/CoreVideo.framework/Versions/A/CoreVideo
0x00007fff5acf1000 	/System/Library/PrivateFrameworks/GraphVisualizer.framework/Versions/A/GraphVisualizer
0x00007fff5403d000 	/System/Library/PrivateFrameworks/FaceCore.framework/Versions/A/FaceCore
0x00007fff41a9e000 	/System/Library/Frameworks/OpenCL.framework/Versions/A/OpenCL
0x00007fff6efae000 	/usr/lib/libFosl_dynamic.dylib
0x00007fff60432000 	/System/Library/PrivateFrameworks/OTSVG.framework/Versions/A/OTSVG
0x00007fff3673d000 	/System/Library/Frameworks/ApplicationServices.framework/Versions/A/Frameworks/ATS.framework/Versions/A/Resources/libFontRegistry.dylib
0x00007fff54cc8000 	/System/Library/PrivateFrameworks/FontServices.framework/libhvf.dylib
0x00007fff42493000 	/System/Library/Frameworks/OpenGL.framework/Versions/A/Libraries/libGFXShared.dylib
0x00007fff42671000 	/System/Library/Frameworks/OpenGL.framework/Versions/A/Libraries/libGLU.dylib
0x00007fff4249c000 	/System/Library/Frameworks/OpenGL.framework/Versions/A/Libraries/libGL.dylib
0x00007fff424a7000 	/System/Library/Frameworks/OpenGL.framework/Versions/A/Libraries/libGLImage.dylib
0x00007fff42485000 	/System/Library/Frameworks/OpenGL.framework/Versions/A/Libraries/libCVMSPluginSupport.dylib
0x00007fff4248e000 	/System/Library/Frameworks/OpenGL.framework/Versions/A/Libraries/libCoreVMClient.dylib
0x00007fff70c20000 	/usr/lib/libncurses.5.4.dylib
0x00007fff36639000 	/System/Library/Frameworks/ApplicationServices.framework/Versions/A/Frameworks/ATS.framework/Versions/A/ATS
0x00007fff36806000 	/System/Library/Frameworks/ApplicationServices.framework/Versions/A/Frameworks/ColorSyncLegacy.framework/Versions/A/ColorSyncLegacy
0x00007fff368a4000 	/System/Library/Frameworks/ApplicationServices.framework/Versions/A/Frameworks/HIServices.framework/Versions/A/HIServices
0x00007fff368fc000 	/System/Library/Frameworks/ApplicationServices.framework/Versions/A/Frameworks/LangAnalysis.framework/Versions/A/LangAnalysis
0x00007fff3690b000 	/System/Library/Frameworks/ApplicationServices.framework/Versions/A/Frameworks/PrintCore.framework/Versions/A/PrintCore
0x00007fff36951000 	/System/Library/Frameworks/ApplicationServices.framework/Versions/A/Frameworks/QD.framework/Versions/A/QD
0x00007fff3695c000 	/System/Library/Frameworks/ApplicationServices.framework/Versions/A/Frameworks/SpeechSynthesis.framework/Versions/A/SpeechSynthesis
0x00007fff367d6000 	/System/Library/Frameworks/ApplicationServices.framework/Versions/A/Frameworks/ATSUI.framework/Versions/A/ATSUI
0x00007fff70064000 	/usr/lib/libcups.2.dylib
0x00007fff3cf1c000 	/System/Library/Frameworks/Kerberos.framework/Versions/A/Kerberos
0x00007fff3b05d000 	/System/Library/Frameworks/GSS.framework/Versions/A/GSS
0x00007fff713a3000 	/usr/lib/libresolv.9.dylib
0x00007fff5ae9e000 	/System/Library/PrivateFrameworks/Heimdal.framework/Versions/A/Heimdal
0x00007fff3cf2f000 	/System/Library/Frameworks/Kerberos.framework/Versions/A/Libraries/libHeimdalProxy.dylib
0x00007fff7020b000 	/usr/lib/libheimdal-asn1.dylib
0x00007fff4f1bd000 	/System/Library/PrivateFrameworks/CommonAuth.framework/Versions/A/CommonAuth
0x00007fff4c413000 	/System/Library/PrivateFrameworks/AssertionServices.framework/Versions/A/AssertionServices
0x00007fff4cfb5000 	/System/Library/PrivateFrameworks/AudioToolboxCore.framework/Versions/A/AudioToolboxCore
0x00007fff6c029000 	/System/Library/PrivateFrameworks/caulk.framework/Versions/A/caulk
0x00007fff4d57e000 	/System/Library/PrivateFrameworks/BaseBoard.framework/Versions/A/BaseBoard
0x00007fff64689000 	/System/Library/PrivateFrameworks/RunningBoardServices.framework/Versions/A/RunningBoardServices
0x00007fff6169d000 	/System/Library/PrivateFrameworks/PersistentConnection.framework/Versions/A/PersistentConnection
0x00007fff64083000 	/System/Library/PrivateFrameworks/ProtocolBuffer.framework/Versions/A/ProtocolBuffer
0x00007fff4f1e1000 	/System/Library/PrivateFrameworks/CommonUtilities.framework/Versions/A/CommonUtilities
0x00007fff4d70c000 	/System/Library/PrivateFrameworks/Bom.framework/Versions/A/Bom
0x00007fff6ee5f000 	/usr/lib/libAudioToolboxUtility.dylib
0x00007fff4d4dc000 	/System/Library/PrivateFrameworks/Backup.framework/Versions/A/Backup
0x00007fff522ab000 	/System/Library/PrivateFrameworks/CrashReporterSupport.framework/Versions/A/CrashReporterSupport
0x00007fff6611a000 	/System/Library/PrivateFrameworks/Sharing.framework/Versions/A/Sharing
0x00007fff4ba21000 	/System/Library/PrivateFrameworks/Apple80211.framework/Versions/A/Apple80211
0x00007fff4d1f9000 	/System/Library/PrivateFrameworks/AuthKit.framework/Versions/A/AuthKit
0x00007fff51fbb000 	/System/Library/PrivateFrameworks/CoreUtils.framework/Versions/A/CoreUtils
0x00007fff3a5c8000 	/System/Library/Frameworks/CoreWLAN.framework/Versions/A/CoreWLAN
0x00007fff3b1ea000 	/System/Library/Frameworks/IOBluetooth.framework/Versions/A/IOBluetooth
0x00007fff5f261000 	/System/Library/PrivateFrameworks/MobileKeyBag.framework/Versions/A/MobileKeyBag
0x00007fff50dc0000 	/System/Library/PrivateFrameworks/CorePhoneNumbers.framework/Versions/A/CorePhoneNumbers
0x00007fff4be11000 	/System/Library/PrivateFrameworks/AppleIDAuthSupport.framework/Versions/A/AppleIDAuthSupport
0x00007fff3ef16000 	/System/Library/Frameworks/Network.framework/Versions/A/Network
0x00007fff5d931000 	/System/Library/PrivateFrameworks/KeychainCircle.framework/Versions/A/KeychainCircle
0x00007fff3801c000 	/System/Library/Frameworks/CoreBluetooth.framework/Versions/A/CoreBluetooth
0x00007fff68197000 	/System/Library/PrivateFrameworks/SpeechRecognitionCore.framework/Versions/A/SpeechRecognitionCore
0x000000010c000000 	/Users/darthshell/Library/Java/JavaVirtualMachines/openjdk-14.0.1/Contents/Home/lib/server/libjvm.dylib
0x000000010a693000 	/Users/darthshell/Library/Java/JavaVirtualMachines/openjdk-14.0.1/Contents/Home/lib/libjimage.dylib
0x000000010a6a0000 	/Users/darthshell/Library/Java/JavaVirtualMachines/openjdk-14.0.1/Contents/Home/lib/libinstrument.dylib
0x000000010a6b0000 	/Users/darthshell/Library/Java/JavaVirtualMachines/openjdk-14.0.1/Contents/Home/lib/libjava.dylib
0x000000010a71f000 	/Users/darthshell/Library/Java/JavaVirtualMachines/openjdk-14.0.1/Contents/Home/lib/libzip.dylib
0x000000010a757000 	/Users/darthshell/Library/Java/JavaVirtualMachines/openjdk-14.0.1/Contents/Home/lib/libnio.dylib
0x000000010a76a000 	/Users/darthshell/Library/Java/JavaVirtualMachines/openjdk-14.0.1/Contents/Home/lib/libnet.dylib
0x000000010a782000 	/private/var/folders/kj/6m5spvm10y101r4ghkpr9wnr0000gn/T/lwjgldarthshell/3.2.3-SNAPSHOT/liblwjgl.dylib
0x0000000113069000 	/private/var/folders/kj/6m5spvm10y101r4ghkpr9wnr0000gn/T/lwjgldarthshell/3.2.3-SNAPSHOT/libjemalloc.dylib
0x00000001132c0000 	/private/var/folders/kj/6m5spvm10y101r4ghkpr9wnr0000gn/T/lwjgldarthshell/3.2.3-SNAPSHOT/libglfw.dylib
0x00007fff517d9000 	/System/Library/PrivateFrameworks/CoreServicesInternal.framework/Versions/A/CoreServicesInternal
0x00007fff3aae5000 	/System/Library/Frameworks/FileProvider.framework/Versions/A/FileProvider
0x00007fff3567f000 	/System/Library/Frameworks/Accounts.framework/Versions/A/Accounts
0x00007fff59b9c000 	/System/Library/PrivateFrameworks/GenerationalStorage.framework/Versions/A/GenerationalStorage
0x00007fff51d60000 	/System/Library/PrivateFrameworks/CoreSymbolication.framework/Versions/A/CoreSymbolication
0x00007fff689d7000 	/System/Library/PrivateFrameworks/SymptomDiagnosticReporter.framework/Versions/A/SymptomDiagnosticReporter
0x00007fff4b526000 	/System/Library/PrivateFrameworks/AppContainer.framework/Versions/A/AppContainer
0x00007fff713bd000 	/usr/lib/libsandbox.1.dylib
0x00007fff6a322000 	/System/Library/PrivateFrameworks/UserManagement.framework/Versions/A/UserManagement
0x00007fff4e2c7000 	/System/Library/PrivateFrameworks/ChunkingLibrary.framework/Versions/A/ChunkingLibrary
0x00007fff524df000 	/System/Library/PrivateFrameworks/DebugSymbols.framework/Versions/A/DebugSymbols
0x00007fff4b598000 	/System/Library/PrivateFrameworks/AppSandbox.framework/Versions/A/AppSandbox
0x00007fff65fa4000 	/System/Library/PrivateFrameworks/SecCodeWrapper.framework/Versions/A/SecCodeWrapper
0x00007fff6f274000 	/usr/lib/libMatch.1.dylib
0x000000010a7e1000 	/usr/lib/libobjc-trampolines.dylib
0x00007fff341fd000 	/System/Library/Frameworks/Accelerate.framework/Versions/A/Frameworks/vImage.framework/Versions/A/Libraries/libCGInterfaces.dylib
0x00007fff6c37c000 	/System/Library/PrivateFrameworks/login.framework/Versions/A/login
0x00007fff54c2f000 	/System/Library/PrivateFrameworks/FontServices.framework/libTrueTypeScaler.dylib
0x00007fff2bd24000 	/System/Library/Extensions/AMDRadeonX6000MTLDriver.bundle/Contents/MacOS/AMDRadeonX6000MTLDriver
0x00007fff5d0d6000 	/System/Library/PrivateFrameworks/IOAccelMemoryInfo.framework/Versions/A/IOAccelMemoryInfo
0x00007fff30f75000 	/System/Library/Extensions/AppleIntelKBLGraphicsMTLDriver.bundle/Contents/MacOS/AppleIntelKBLGraphicsMTLDriver
0x00007fff581b9000 	/System/Library/PrivateFrameworks/GPUCompiler.framework/Versions/3902/Libraries/libmetal_timestamp.dylib


VM Arguments:
jvm_args: -javaagent:/Users/darthshell/Library/Caches/JetBrains/IdeaIC2020.1/testAgent/intellij-coverage-agent-1.0.508.jar=/private/var/folders/kj/6m5spvm10y101r4ghkpr9wnr0000gn/T/coverageargs -Dfile.encoding=UTF-8 
java_command: /Users/darthshell/Java/dse/out/artifacts/dse_jar/dse.jar
java_class_path (initial): /Users/darthshell/Java/dse/out/artifacts/dse_jar/dse.jar
Launcher Type: SUN_STANDARD

[Global flags]
     intx CICompilerCount                          = 4                                         {product} {ergonomic}
     uint ConcGCThreads                            = 3                                         {product} {ergonomic}
     uint G1ConcRefinementThreads                  = 10                                        {product} {ergonomic}
   size_t G1HeapRegionSize                         = 1048576                                   {product} {ergonomic}
    uintx GCDrainStackTargetSize                   = 64                                        {product} {ergonomic}
   size_t InitialHeapSize                          = 268435456                                 {product} {ergonomic}
   size_t MarkStackSize                            = 4194304                                   {product} {ergonomic}
   size_t MaxHeapSize                              = 4294967296                                {product} {ergonomic}
   size_t MaxNewSize                               = 2576351232                                {product} {ergonomic}
   size_t MinHeapDeltaBytes                        = 1048576                                   {product} {ergonomic}
   size_t MinHeapSize                              = 8388608                                   {product} {ergonomic}
    uintx NonNMethodCodeHeapSize                   = 5839372                                {pd product} {ergonomic}
    uintx NonProfiledCodeHeapSize                  = 122909434                              {pd product} {ergonomic}
    uintx ProfiledCodeHeapSize                     = 122909434                              {pd product} {ergonomic}
    uintx ReservedCodeCacheSize                    = 251658240                              {pd product} {ergonomic}
     bool SegmentedCodeCache                       = true                                      {product} {ergonomic}
   size_t SoftMaxHeapSize                          = 4294967296                             {manageable} {ergonomic}
     bool UseCompressedClassPointers               = true                                 {lp64_product} {ergonomic}
     bool UseCompressedOops                        = true                                 {lp64_product} {ergonomic}
     bool UseG1GC                                  = true                                      {product} {ergonomic}

Logging:
Log output configuration:
 #0: stdout all=warning uptime,level,tags
 #1: stderr all=off uptime,level,tags

Environment Variables:
PATH=/usr/local/bin:/usr/bin:/bin:/usr/sbin:/sbin:/usr/local/share/dotnet:~/.dotnet/tools:/Library/Frameworks/Mono.framework/Versions/Current/Commands
SHELL=/bin/zsh

Signal Handlers:
SIGSEGV: [libjvm.dylib+0x741580], sa_mask[0]=11111111011111110111111111111111, sa_flags=SA_ONSTACK|SA_RESTART|SA_SIGINFO
SIGBUS: [libjvm.dylib+0x741580], sa_mask[0]=11111111011111110111111111111111, sa_flags=SA_RESTART|SA_SIGINFO
SIGFPE: [libjvm.dylib+0x741580], sa_mask[0]=11111111011111110111111111111111, sa_flags=SA_RESTART|SA_SIGINFO
SIGPIPE: [libjvm.dylib+0x5eb3a3], sa_mask[0]=11111111011111110111111111111111, sa_flags=SA_RESTART|SA_SIGINFO
SIGXFSZ: [libjvm.dylib+0x5eb3a3], sa_mask[0]=11111111011111110111111111111111, sa_flags=SA_RESTART|SA_SIGINFO
SIGILL: [libjvm.dylib+0x741580], sa_mask[0]=11111111011111110111111111111111, sa_flags=SA_RESTART|SA_SIGINFO
SIGUSR2: [libjvm.dylib+0x5eb975], sa_mask[0]=00100000000000000000000000000000, sa_flags=SA_RESTART|SA_SIGINFO
SIGHUP: [libjvm.dylib+0x5ea9d7], sa_mask[0]=11111111011111110111111111111111, sa_flags=SA_RESTART|SA_SIGINFO
SIGINT: [libjvm.dylib+0x5ea9d7], sa_mask[0]=11111111011111110111111111111111, sa_flags=SA_RESTART|SA_SIGINFO
SIGTERM: [libjvm.dylib+0x5ea9d7], sa_mask[0]=11111111011111110111111111111111, sa_flags=SA_RESTART|SA_SIGINFO
SIGQUIT: [libjvm.dylib+0x5ea9d7], sa_mask[0]=11111111011111110111111111111111, sa_flags=SA_RESTART|SA_SIGINFO


---------------  S Y S T E M  ---------------

OS:uname:Darwin 19.5.0 Darwin Kernel Version 19.5.0: Tue May 26 20:41:44 PDT 2020; root:xnu-6153.121.2~2/RELEASE_X86_64 x86_64
OS uptime: 4 days 19:02 hours
rlimit: STACK 8192k, CORE 0k, NPROC 2784, NOFILE 10240, AS infinity, DATA infinity, FSIZE infinity
load average:2.27 2.13 1.98

CPU:total 12 (initial active 12) (6 cores per cpu, 2 threads per core) family 6 model 158 stepping 10, cmov, cx8, fxsr, mmx, sse, sse2, sse3, ssse3, sse4.1, sse4.2, popcnt, avx, avx2, aes, clmul, erms, 3dnowpref, lzcnt, ht, tsc, tscinvbit, bmi1, bmi2, adx, fma

Memory: 4k page, physical 16777216k(473100k free), swap 4194304k(1233408k free)

vm_info: OpenJDK 64-Bit Server VM (14.0.1+7) for bsd-amd64 JRE (14.0.1+7), built on Mar  5 2020 10:34:43 by "mach5one" with clang 4.2.1 Compatible Apple LLVM 10.0.0 (clang-1000.11.45.5)

END.
